<?xml version="1.0" encoding="UTF-8"?>
<coverage generated="1762539246255" clover="3.2.0">
  <project timestamp="1762539246255" name="All files">
    <metrics statements="54" coveredstatements="48" conditionals="25" coveredconditionals="23" methods="6" coveredmethods="6" elements="85" coveredelements="77" complexity="0" loc="54" ncloc="54" packages="1" files="1" classes="1"/>
    <file name="index.js" path="/root/hold-that-thought/.worktrees/profile-page/lambdas/reactions-api/index.js">
      <metrics statements="54" coveredstatements="48" conditionals="25" coveredconditionals="23" methods="6" coveredmethods="6"/>
      <line num="1" count="1" type="stmt"/>
      <line num="2" count="1" type="stmt"/>
      <line num="4" count="1" type="stmt"/>
      <line num="5" count="1" type="stmt"/>
      <line num="7" count="1" type="stmt"/>
      <line num="8" count="1" type="stmt"/>
      <line num="16" count="1" type="stmt"/>
      <line num="17" count="13" type="stmt"/>
      <line num="18" count="13" type="stmt"/>
      <line num="21" count="13" type="stmt"/>
      <line num="23" count="13" type="cond" truecount="2" falsecount="0"/>
      <line num="24" count="1" type="stmt"/>
      <line num="28" count="12" type="stmt"/>
      <line num="29" count="12" type="stmt"/>
      <line num="32" count="12" type="cond" truecount="4" falsecount="0"/>
      <line num="33" count="8" type="stmt"/>
      <line num="37" count="4" type="cond" truecount="4" falsecount="0"/>
      <line num="38" count="3" type="stmt"/>
      <line num="41" count="1" type="stmt"/>
      <line num="44" count="0" type="stmt"/>
      <line num="45" count="0" type="stmt"/>
      <line num="53" count="8" type="stmt"/>
      <line num="54" count="8" type="cond" truecount="1" falsecount="1"/>
      <line num="55" count="8" type="stmt"/>
      <line num="56" count="8" type="cond" truecount="2" falsecount="0"/>
      <line num="58" count="8" type="cond" truecount="2" falsecount="0"/>
      <line num="59" count="1" type="stmt"/>
      <line num="62" count="7" type="cond" truecount="2" falsecount="0"/>
      <line num="63" count="1" type="stmt"/>
      <line num="66" count="6" type="stmt"/>
      <line num="68" count="6" type="stmt"/>
      <line num="73" count="6" type="stmt"/>
      <line num="75" count="6" type="cond" truecount="2" falsecount="0"/>
      <line num="77" count="3" type="stmt"/>
      <line num="83" count="3" type="stmt"/>
      <line num="92" count="3" type="stmt"/>
      <line num="96" count="3" type="stmt"/>
      <line num="103" count="3" type="stmt"/>
      <line num="109" count="3" type="stmt"/>
      <line num="118" count="3" type="stmt"/>
      <line num="122" count="0" type="stmt"/>
      <line num="123" count="0" type="stmt"/>
      <line num="131" count="3" type="stmt"/>
      <line num="133" count="3" type="cond" truecount="2" falsecount="0"/>
      <line num="134" count="1" type="stmt"/>
      <line num="137" count="2" type="stmt"/>
      <line num="138" count="2" type="stmt"/>
      <line num="146" count="2" type="cond" truecount="1" falsecount="1"/>
      <line num="148" count="2" type="stmt"/>
      <line num="151" count="2" type="stmt"/>
      <line num="159" count="0" type="stmt"/>
      <line num="160" count="0" type="stmt"/>
      <line num="168" count="8" type="stmt"/>
      <line num="183" count="5" type="stmt"/>
    </file>
  </project>
</coverage>
