{"/root/hold-that-thought/.worktrees/profile-page/lambdas/reactions-api/index.js": {"path":"/root/hold-that-thought/.worktrees/profile-page/lambdas/reactions-api/index.js","statementMap":{"0":{"start":{"line":1,"column":27},"end":{"line":1,"column":62}},"1":{"start":{"line":2,"column":103},"end":{"line":2,"column":135}},"2":{"start":{"line":4,"column":15},"end":{"line":4,"column":37}},"3":{"start":{"line":5,"column":18},"end":{"line":5,"column":53}},"4":{"start":{"line":7,"column":32},"end":{"line":7,"column":67}},"5":{"start":{"line":8,"column":23},"end":{"line":8,"column":49}},"6":{"start":{"line":16,"column":0},"end":{"line":47,"column":2}},"7":{"start":{"line":17,"column":2},"end":{"line":46,"column":3}},"8":{"start":{"line":18,"column":4},"end":{"line":18,"column":58}},"9":{"start":{"line":21,"column":19},"end":{"line":21,"column":64}},"10":{"start":{"line":23,"column":4},"end":{"line":25,"column":5}},"11":{"start":{"line":24,"column":6},"end":{"line":24,"column":70}},"12":{"start":{"line":28,"column":19},"end":{"line":28,"column":35}},"13":{"start":{"line":29,"column":21},"end":{"line":29,"column":35}},"14":{"start":{"line":32,"column":4},"end":{"line":34,"column":5}},"15":{"start":{"line":33,"column":6},"end":{"line":33,"column":49}},"16":{"start":{"line":37,"column":4},"end":{"line":39,"column":5}},"17":{"start":{"line":38,"column":6},"end":{"line":38,"column":39}},"18":{"start":{"line":41,"column":4},"end":{"line":41,"column":49}},"19":{"start":{"line":44,"column":4},"end":{"line":44,"column":35}},"20":{"start":{"line":45,"column":4},"end":{"line":45,"column":55}},"21":{"start":{"line":53,"column":20},"end":{"line":53,"column":51}},"22":{"start":{"line":54,"column":15},"end":{"line":54,"column":45}},"23":{"start":{"line":55,"column":17},"end":{"line":55,"column":28}},"24":{"start":{"line":56,"column":23},"end":{"line":56,"column":50}},"25":{"start":{"line":58,"column":2},"end":{"line":60,"column":3}},"26":{"start":{"line":59,"column":4},"end":{"line":59,"column":61}},"27":{"start":{"line":62,"column":2},"end":{"line":64,"column":3}},"28":{"start":{"line":63,"column":4},"end":{"line":63,"column":64}},"29":{"start":{"line":66,"column":2},"end":{"line":124,"column":3}},"30":{"start":{"line":68,"column":29},"end":{"line":71,"column":7}},"31":{"start":{"line":73,"column":27},"end":{"line":73,"column":50}},"32":{"start":{"line":75,"column":4},"end":{"line":119,"column":5}},"33":{"start":{"line":77,"column":6},"end":{"line":80,"column":10}},"34":{"start":{"line":83,"column":6},"end":{"line":90,"column":10}},"35":{"start":{"line":92,"column":6},"end":{"line":92,"column":76}},"36":{"start":{"line":96,"column":23},"end":{"line":101,"column":7}},"37":{"start":{"line":103,"column":6},"end":{"line":106,"column":10}},"38":{"start":{"line":109,"column":6},"end":{"line":116,"column":10}},"39":{"start":{"line":118,"column":6},"end":{"line":118,"column":73}},"40":{"start":{"line":122,"column":4},"end":{"line":122,"column":76}},"41":{"start":{"line":123,"column":4},"end":{"line":123,"column":16}},"42":{"start":{"line":131,"column":20},"end":{"line":131,"column":51}},"43":{"start":{"line":133,"column":2},"end":{"line":135,"column":3}},"44":{"start":{"line":134,"column":4},"end":{"line":134,"column":61}},"45":{"start":{"line":137,"column":2},"end":{"line":161,"column":3}},"46":{"start":{"line":138,"column":19},"end":{"line":144,"column":7}},"47":{"start":{"line":146,"column":22},"end":{"line":146,"column":40}},"48":{"start":{"line":148,"column":4},"end":{"line":156,"column":7}},"49":{"start":{"line":151,"column":37},"end":{"line":155,"column":7}},"50":{"start":{"line":159,"column":4},"end":{"line":159,"column":68}},"51":{"start":{"line":160,"column":4},"end":{"line":160,"column":16}},"52":{"start":{"line":168,"column":2},"end":{"line":176,"column":4}},"53":{"start":{"line":183,"column":2},"end":{"line":191,"column":4}}},"fnMap":{"0":{"name":"(anonymous_0)","decl":{"start":{"line":16,"column":18},"end":{"line":16,"column":19}},"loc":{"start":{"line":16,"column":35},"end":{"line":47,"column":1}},"line":16},"1":{"name":"toggleReaction","decl":{"start":{"line":52,"column":15},"end":{"line":52,"column":29}},"loc":{"start":{"line":52,"column":45},"end":{"line":125,"column":1}},"line":52},"2":{"name":"getReactions","decl":{"start":{"line":130,"column":15},"end":{"line":130,"column":27}},"loc":{"start":{"line":130,"column":35},"end":{"line":162,"column":1}},"line":130},"3":{"name":"(anonymous_3)","decl":{"start":{"line":151,"column":31},"end":{"line":151,"column":32}},"loc":{"start":{"line":151,"column":37},"end":{"line":155,"column":7}},"line":151},"4":{"name":"successResponse","decl":{"start":{"line":167,"column":9},"end":{"line":167,"column":24}},"loc":{"start":{"line":167,"column":49},"end":{"line":177,"column":1}},"line":167},"5":{"name":"errorResponse","decl":{"start":{"line":182,"column":9},"end":{"line":182,"column":22}},"loc":{"start":{"line":182,"column":44},"end":{"line":192,"column":1}},"line":182}},"branchMap":{"0":{"loc":{"start":{"line":23,"column":4},"end":{"line":25,"column":5}},"type":"if","locations":[{"start":{"line":23,"column":4},"end":{"line":25,"column":5}},{"start":{},"end":{}}],"line":23},"1":{"loc":{"start":{"line":32,"column":4},"end":{"line":34,"column":5}},"type":"if","locations":[{"start":{"line":32,"column":4},"end":{"line":34,"column":5}},{"start":{},"end":{}}],"line":32},"2":{"loc":{"start":{"line":32,"column":8},"end":{"line":32,"column":66}},"type":"binary-expr","locations":[{"start":{"line":32,"column":8},"end":{"line":32,"column":25}},{"start":{"line":32,"column":29},"end":{"line":32,"column":66}}],"line":32},"3":{"loc":{"start":{"line":37,"column":4},"end":{"line":39,"column":5}},"type":"if","locations":[{"start":{"line":37,"column":4},"end":{"line":39,"column":5}},{"start":{},"end":{}}],"line":37},"4":{"loc":{"start":{"line":37,"column":8},"end":{"line":37,"column":65}},"type":"binary-expr","locations":[{"start":{"line":37,"column":8},"end":{"line":37,"column":24}},{"start":{"line":37,"column":28},"end":{"line":37,"column":65}}],"line":37},"5":{"loc":{"start":{"line":54,"column":26},"end":{"line":54,"column":44}},"type":"binary-expr","locations":[{"start":{"line":54,"column":26},"end":{"line":54,"column":36}},{"start":{"line":54,"column":40},"end":{"line":54,"column":44}}],"line":54},"6":{"loc":{"start":{"line":56,"column":23},"end":{"line":56,"column":50}},"type":"binary-expr","locations":[{"start":{"line":56,"column":23},"end":{"line":56,"column":40}},{"start":{"line":56,"column":44},"end":{"line":56,"column":50}}],"line":56},"7":{"loc":{"start":{"line":58,"column":2},"end":{"line":60,"column":3}},"type":"if","locations":[{"start":{"line":58,"column":2},"end":{"line":60,"column":3}},{"start":{},"end":{}}],"line":58},"8":{"loc":{"start":{"line":62,"column":2},"end":{"line":64,"column":3}},"type":"if","locations":[{"start":{"line":62,"column":2},"end":{"line":64,"column":3}},{"start":{},"end":{}}],"line":62},"9":{"loc":{"start":{"line":75,"column":4},"end":{"line":119,"column":5}},"type":"if","locations":[{"start":{"line":75,"column":4},"end":{"line":119,"column":5}},{"start":{"line":94,"column":11},"end":{"line":119,"column":5}}],"line":75},"10":{"loc":{"start":{"line":133,"column":2},"end":{"line":135,"column":3}},"type":"if","locations":[{"start":{"line":133,"column":2},"end":{"line":135,"column":3}},{"start":{},"end":{}}],"line":133},"11":{"loc":{"start":{"line":146,"column":22},"end":{"line":146,"column":40}},"type":"binary-expr","locations":[{"start":{"line":146,"column":22},"end":{"line":146,"column":34}},{"start":{"line":146,"column":38},"end":{"line":146,"column":40}}],"line":146},"12":{"loc":{"start":{"line":167,"column":31},"end":{"line":167,"column":47}},"type":"default-arg","locations":[{"start":{"line":167,"column":44},"end":{"line":167,"column":47}}],"line":167}},"s":{"0":1,"1":1,"2":1,"3":1,"4":1,"5":1,"6":1,"7":13,"8":13,"9":13,"10":13,"11":1,"12":12,"13":12,"14":12,"15":8,"16":4,"17":3,"18":1,"19":0,"20":0,"21":8,"22":8,"23":8,"24":8,"25":8,"26":1,"27":7,"28":1,"29":6,"30":6,"31":6,"32":6,"33":3,"34":3,"35":3,"36":3,"37":3,"38":3,"39":3,"40":0,"41":0,"42":3,"43":3,"44":1,"45":2,"46":2,"47":2,"48":2,"49":2,"50":0,"51":0,"52":8,"53":5},"f":{"0":13,"1":8,"2":3,"3":2,"4":8,"5":5},"b":{"0":[1,12],"1":[8,4],"2":[12,8],"3":[3,1],"4":[4,3],"5":[8,0],"6":[8,5],"7":[1,7],"8":[1,6],"9":[3,3],"10":[1,2],"11":[2,0],"12":[8]},"_coverageSchema":"1a1c01bbd47fc00a2c39e90264f33305004495a9","hash":"a75df0b89599fbc6537d01a503374ad793ea2eb0"}
}
