TN:
SF:index.js
FN:16,(anonymous_0)
FN:52,toggleReaction
FN:130,getReactions
FN:151,(anonymous_3)
FN:167,successResponse
FN:182,errorResponse
FNF:6
FNH:6
FNDA:13,(anonymous_0)
FNDA:8,toggleReaction
FNDA:3,getReactions
FNDA:2,(anonymous_3)
FNDA:8,successResponse
FNDA:5,errorResponse
DA:1,1
DA:2,1
DA:4,1
DA:5,1
DA:7,1
DA:8,1
DA:16,1
DA:17,13
DA:18,13
DA:21,13
DA:23,13
DA:24,1
DA:28,12
DA:29,12
DA:32,12
DA:33,8
DA:37,4
DA:38,3
DA:41,1
DA:44,0
DA:45,0
DA:53,8
DA:54,8
DA:55,8
DA:56,8
DA:58,8
DA:59,1
DA:62,7
DA:63,1
DA:66,6
DA:68,6
DA:73,6
DA:75,6
DA:77,3
DA:83,3
DA:92,3
DA:96,3
DA:103,3
DA:109,3
DA:118,3
DA:122,0
DA:123,0
DA:131,3
DA:133,3
DA:134,1
DA:137,2
DA:138,2
DA:146,2
DA:148,2
DA:151,2
DA:159,0
DA:160,0
DA:168,8
DA:183,5
LF:54
LH:48
BRDA:23,0,0,1
BRDA:23,0,1,12
BRDA:32,1,0,8
BRDA:32,1,1,4
BRDA:32,2,0,12
BRDA:32,2,1,8
BRDA:37,3,0,3
BRDA:37,3,1,1
BRDA:37,4,0,4
BRDA:37,4,1,3
BRDA:54,5,0,8
BRDA:54,5,1,0
BRDA:56,6,0,8
BRDA:56,6,1,5
BRDA:58,7,0,1
BRDA:58,7,1,7
BRDA:62,8,0,1
BRDA:62,8,1,6
BRDA:75,9,0,3
BRDA:75,9,1,3
BRDA:133,10,0,1
BRDA:133,10,1,2
BRDA:146,11,0,2
BRDA:146,11,1,0
BRDA:167,12,0,8
BRF:25
BRH:23
end_of_record
