{"/root/hold-that-thought/.worktrees/profile-page/lambdas/profile-api/index.js": {"path":"/root/hold-that-thought/.worktrees/profile-page/lambdas/profile-api/index.js","statementMap":{"0":{"start":{"line":1,"column":27},"end":{"line":1,"column":62}},"1":{"start":{"line":2,"column":88},"end":{"line":2,"column":120}},"2":{"start":{"line":4,"column":15},"end":{"line":4,"column":37}},"3":{"start":{"line":5,"column":18},"end":{"line":5,"column":53}},"4":{"start":{"line":7,"column":28},"end":{"line":7,"column":59}},"5":{"start":{"line":8,"column":23},"end":{"line":8,"column":49}},"6":{"start":{"line":17,"column":0},"end":{"line":56,"column":2}},"7":{"start":{"line":18,"column":2},"end":{"line":55,"column":3}},"8":{"start":{"line":19,"column":4},"end":{"line":19,"column":58}},"9":{"start":{"line":22,"column":24},"end":{"line":22,"column":69}},"10":{"start":{"line":23,"column":27},"end":{"line":23,"column":74}},"11":{"start":{"line":24,"column":28},"end":{"line":24,"column":94}},"12":{"start":{"line":25,"column":20},"end":{"line":25,"column":54}},"13":{"start":{"line":27,"column":4},"end":{"line":29,"column":5}},"14":{"start":{"line":28,"column":6},"end":{"line":28,"column":70}},"15":{"start":{"line":32,"column":19},"end":{"line":32,"column":35}},"16":{"start":{"line":33,"column":21},"end":{"line":33,"column":35}},"17":{"start":{"line":36,"column":4},"end":{"line":38,"column":5}},"18":{"start":{"line":37,"column":6},"end":{"line":37,"column":59}},"19":{"start":{"line":41,"column":4},"end":{"line":43,"column":5}},"20":{"start":{"line":42,"column":6},"end":{"line":42,"column":69}},"21":{"start":{"line":46,"column":4},"end":{"line":48,"column":5}},"22":{"start":{"line":47,"column":6},"end":{"line":47,"column":64}},"23":{"start":{"line":50,"column":4},"end":{"line":50,"column":49}},"24":{"start":{"line":53,"column":4},"end":{"line":53,"column":35}},"25":{"start":{"line":54,"column":4},"end":{"line":54,"column":55}},"26":{"start":{"line":62,"column":17},"end":{"line":62,"column":45}},"27":{"start":{"line":64,"column":2},"end":{"line":66,"column":3}},"28":{"start":{"line":65,"column":4},"end":{"line":65,"column":58}},"29":{"start":{"line":68,"column":2},"end":{"line":90,"column":3}},"30":{"start":{"line":69,"column":19},"end":{"line":72,"column":7}},"31":{"start":{"line":74,"column":4},"end":{"line":76,"column":5}},"32":{"start":{"line":75,"column":6},"end":{"line":75,"column":53}},"33":{"start":{"line":78,"column":20},"end":{"line":78,"column":31}},"34":{"start":{"line":81,"column":4},"end":{"line":83,"column":5}},"35":{"start":{"line":82,"column":6},"end":{"line":82,"column":59}},"36":{"start":{"line":85,"column":4},"end":{"line":85,"column":36}},"37":{"start":{"line":88,"column":4},"end":{"line":88,"column":64}},"38":{"start":{"line":89,"column":4},"end":{"line":89,"column":16}},"39":{"start":{"line":97,"column":15},"end":{"line":97,"column":45}},"40":{"start":{"line":100,"column":17},"end":{"line":100,"column":19}},"41":{"start":{"line":102,"column":2},"end":{"line":104,"column":3}},"42":{"start":{"line":103,"column":4},"end":{"line":103,"column":54}},"43":{"start":{"line":106,"column":2},"end":{"line":108,"column":3}},"44":{"start":{"line":107,"column":4},"end":{"line":107,"column":63}},"45":{"start":{"line":110,"column":2},"end":{"line":112,"column":3}},"46":{"start":{"line":111,"column":4},"end":{"line":111,"column":70}},"47":{"start":{"line":114,"column":2},"end":{"line":116,"column":3}},"48":{"start":{"line":115,"column":4},"end":{"line":115,"column":49}},"49":{"start":{"line":118,"column":2},"end":{"line":190,"column":3}},"50":{"start":{"line":120,"column":30},"end":{"line":120,"column":32}},"51":{"start":{"line":121,"column":37},"end":{"line":121,"column":39}},"52":{"start":{"line":122,"column":38},"end":{"line":122,"column":40}},"53":{"start":{"line":124,"column":26},"end":{"line":132,"column":5}},"54":{"start":{"line":134,"column":4},"end":{"line":140,"column":7}},"55":{"start":{"line":135,"column":6},"end":{"line":139,"column":7}},"56":{"start":{"line":136,"column":8},"end":{"line":136,"column":56}},"57":{"start":{"line":137,"column":8},"end":{"line":137,"column":54}},"58":{"start":{"line":138,"column":8},"end":{"line":138,"column":61}},"59":{"start":{"line":143,"column":4},"end":{"line":143,"column":54}},"60":{"start":{"line":144,"column":4},"end":{"line":144,"column":57}},"61":{"start":{"line":145,"column":4},"end":{"line":145,"column":71}},"62":{"start":{"line":148,"column":16},"end":{"line":148,"column":40}},"63":{"start":{"line":149,"column":4},"end":{"line":149,"column":56}},"64":{"start":{"line":150,"column":4},"end":{"line":150,"column":59}},"65":{"start":{"line":151,"column":4},"end":{"line":151,"column":51}},"66":{"start":{"line":153,"column":19},"end":{"line":160,"column":7}},"67":{"start":{"line":163,"column":4},"end":{"line":183,"column":5}},"68":{"start":{"line":164,"column":6},"end":{"line":182,"column":10}},"69":{"start":{"line":185,"column":4},"end":{"line":185,"column":46}},"70":{"start":{"line":188,"column":4},"end":{"line":188,"column":69}},"71":{"start":{"line":189,"column":4},"end":{"line":189,"column":16}},"72":{"start":{"line":197,"column":17},"end":{"line":197,"column":45}},"73":{"start":{"line":198,"column":16},"end":{"line":198,"column":68}},"74":{"start":{"line":199,"column":27},"end":{"line":199,"column":72}},"75":{"start":{"line":201,"column":2},"end":{"line":203,"column":3}},"76":{"start":{"line":202,"column":4},"end":{"line":202,"column":58}},"77":{"start":{"line":206,"column":2},"end":{"line":256,"column":3}},"78":{"start":{"line":207,"column":26},"end":{"line":210,"column":7}},"79":{"start":{"line":212,"column":4},"end":{"line":214,"column":5}},"80":{"start":{"line":213,"column":6},"end":{"line":213,"column":53}},"81":{"start":{"line":216,"column":20},"end":{"line":216,"column":38}},"82":{"start":{"line":219,"column":4},"end":{"line":221,"column":5}},"83":{"start":{"line":220,"column":6},"end":{"line":220,"column":59}},"84":{"start":{"line":224,"column":24},"end":{"line":233,"column":5}},"85":{"start":{"line":235,"column":4},"end":{"line":237,"column":5}},"86":{"start":{"line":236,"column":6},"end":{"line":236,"column":101}},"87":{"start":{"line":239,"column":19},"end":{"line":239,"column":70}},"88":{"start":{"line":242,"column":21},"end":{"line":242,"column":73}},"89":{"start":{"line":242,"column":57},"end":{"line":242,"column":72}},"90":{"start":{"line":244,"column":21},"end":{"line":249,"column":5}},"91":{"start":{"line":251,"column":4},"end":{"line":251,"column":37}},"92":{"start":{"line":254,"column":4},"end":{"line":254,"column":70}},"93":{"start":{"line":255,"column":4},"end":{"line":255,"column":16}},"94":{"start":{"line":263,"column":2},"end":{"line":271,"column":4}},"95":{"start":{"line":278,"column":2},"end":{"line":286,"column":4}}},"fnMap":{"0":{"name":"(anonymous_0)","decl":{"start":{"line":17,"column":18},"end":{"line":17,"column":19}},"loc":{"start":{"line":17,"column":35},"end":{"line":56,"column":1}},"line":17},"1":{"name":"getProfile","decl":{"start":{"line":61,"column":15},"end":{"line":61,"column":25}},"loc":{"start":{"line":61,"column":55},"end":{"line":91,"column":1}},"line":61},"2":{"name":"updateProfile","decl":{"start":{"line":96,"column":15},"end":{"line":96,"column":28}},"loc":{"start":{"line":96,"column":65},"end":{"line":191,"column":1}},"line":96},"3":{"name":"(anonymous_3)","decl":{"start":{"line":134,"column":26},"end":{"line":134,"column":27}},"loc":{"start":{"line":134,"column":37},"end":{"line":140,"column":5}},"line":134},"4":{"name":"getUserComments","decl":{"start":{"line":196,"column":15},"end":{"line":196,"column":30}},"loc":{"start":{"line":196,"column":60},"end":{"line":257,"column":1}},"line":196},"5":{"name":"(anonymous_5)","decl":{"start":{"line":242,"column":49},"end":{"line":242,"column":50}},"loc":{"start":{"line":242,"column":57},"end":{"line":242,"column":72}},"line":242},"6":{"name":"successResponse","decl":{"start":{"line":262,"column":9},"end":{"line":262,"column":24}},"loc":{"start":{"line":262,"column":49},"end":{"line":272,"column":1}},"line":262},"7":{"name":"errorResponse","decl":{"start":{"line":277,"column":9},"end":{"line":277,"column":22}},"loc":{"start":{"line":277,"column":44},"end":{"line":287,"column":1}},"line":277}},"branchMap":{"0":{"loc":{"start":{"line":24,"column":28},"end":{"line":24,"column":94}},"type":"binary-expr","locations":[{"start":{"line":24,"column":28},"end":{"line":24,"column":88}},{"start":{"line":24,"column":92},"end":{"line":24,"column":94}}],"line":24},"1":{"loc":{"start":{"line":27,"column":4},"end":{"line":29,"column":5}},"type":"if","locations":[{"start":{"line":27,"column":4},"end":{"line":29,"column":5}},{"start":{},"end":{}}],"line":27},"2":{"loc":{"start":{"line":36,"column":4},"end":{"line":38,"column":5}},"type":"if","locations":[{"start":{"line":36,"column":4},"end":{"line":38,"column":5}},{"start":{},"end":{}}],"line":36},"3":{"loc":{"start":{"line":36,"column":8},"end":{"line":36,"column":60}},"type":"binary-expr","locations":[{"start":{"line":36,"column":8},"end":{"line":36,"column":24}},{"start":{"line":36,"column":28},"end":{"line":36,"column":60}}],"line":36},"4":{"loc":{"start":{"line":41,"column":4},"end":{"line":43,"column":5}},"type":"if","locations":[{"start":{"line":41,"column":4},"end":{"line":43,"column":5}},{"start":{},"end":{}}],"line":41},"5":{"loc":{"start":{"line":41,"column":8},"end":{"line":41,"column":51}},"type":"binary-expr","locations":[{"start":{"line":41,"column":8},"end":{"line":41,"column":24}},{"start":{"line":41,"column":28},"end":{"line":41,"column":51}}],"line":41},"6":{"loc":{"start":{"line":46,"column":4},"end":{"line":48,"column":5}},"type":"if","locations":[{"start":{"line":46,"column":4},"end":{"line":48,"column":5}},{"start":{},"end":{}}],"line":46},"7":{"loc":{"start":{"line":46,"column":8},"end":{"line":46,"column":69}},"type":"binary-expr","locations":[{"start":{"line":46,"column":8},"end":{"line":46,"column":24}},{"start":{"line":46,"column":28},"end":{"line":46,"column":69}}],"line":46},"8":{"loc":{"start":{"line":64,"column":2},"end":{"line":66,"column":3}},"type":"if","locations":[{"start":{"line":64,"column":2},"end":{"line":66,"column":3}},{"start":{},"end":{}}],"line":64},"9":{"loc":{"start":{"line":74,"column":4},"end":{"line":76,"column":5}},"type":"if","locations":[{"start":{"line":74,"column":4},"end":{"line":76,"column":5}},{"start":{},"end":{}}],"line":74},"10":{"loc":{"start":{"line":81,"column":4},"end":{"line":83,"column":5}},"type":"if","locations":[{"start":{"line":81,"column":4},"end":{"line":83,"column":5}},{"start":{},"end":{}}],"line":81},"11":{"loc":{"start":{"line":81,"column":8},"end":{"line":81,"column":70}},"type":"binary-expr","locations":[{"start":{"line":81,"column":8},"end":{"line":81,"column":32}},{"start":{"line":81,"column":36},"end":{"line":81,"column":58}},{"start":{"line":81,"column":62},"end":{"line":81,"column":70}}],"line":81},"12":{"loc":{"start":{"line":97,"column":26},"end":{"line":97,"column":44}},"type":"binary-expr","locations":[{"start":{"line":97,"column":26},"end":{"line":97,"column":36}},{"start":{"line":97,"column":40},"end":{"line":97,"column":44}}],"line":97},"13":{"loc":{"start":{"line":102,"column":2},"end":{"line":104,"column":3}},"type":"if","locations":[{"start":{"line":102,"column":2},"end":{"line":104,"column":3}},{"start":{},"end":{}}],"line":102},"14":{"loc":{"start":{"line":102,"column":6},"end":{"line":102,"column":39}},"type":"binary-expr","locations":[{"start":{"line":102,"column":6},"end":{"line":102,"column":14}},{"start":{"line":102,"column":18},"end":{"line":102,"column":39}}],"line":102},"15":{"loc":{"start":{"line":106,"column":2},"end":{"line":108,"column":3}},"type":"if","locations":[{"start":{"line":106,"column":2},"end":{"line":108,"column":3}},{"start":{},"end":{}}],"line":106},"16":{"loc":{"start":{"line":106,"column":6},"end":{"line":106,"column":55}},"type":"binary-expr","locations":[{"start":{"line":106,"column":6},"end":{"line":106,"column":22}},{"start":{"line":106,"column":26},"end":{"line":106,"column":55}}],"line":106},"17":{"loc":{"start":{"line":110,"column":2},"end":{"line":112,"column":3}},"type":"if","locations":[{"start":{"line":110,"column":2},"end":{"line":112,"column":3}},{"start":{},"end":{}}],"line":110},"18":{"loc":{"start":{"line":110,"column":6},"end":{"line":110,"column":69}},"type":"binary-expr","locations":[{"start":{"line":110,"column":6},"end":{"line":110,"column":29}},{"start":{"line":110,"column":33},"end":{"line":110,"column":69}}],"line":110},"19":{"loc":{"start":{"line":114,"column":2},"end":{"line":116,"column":3}},"type":"if","locations":[{"start":{"line":114,"column":2},"end":{"line":116,"column":3}},{"start":{},"end":{}}],"line":114},"20":{"loc":{"start":{"line":135,"column":6},"end":{"line":139,"column":7}},"type":"if","locations":[{"start":{"line":135,"column":6},"end":{"line":139,"column":7}},{"start":{},"end":{}}],"line":135},"21":{"loc":{"start":{"line":163,"column":4},"end":{"line":183,"column":5}},"type":"if","locations":[{"start":{"line":163,"column":4},"end":{"line":183,"column":5}},{"start":{},"end":{}}],"line":163},"22":{"loc":{"start":{"line":198,"column":25},"end":{"line":198,"column":67}},"type":"binary-expr","locations":[{"start":{"line":198,"column":25},"end":{"line":198,"column":59}},{"start":{"line":198,"column":63},"end":{"line":198,"column":67}}],"line":198},"23":{"loc":{"start":{"line":201,"column":2},"end":{"line":203,"column":3}},"type":"if","locations":[{"start":{"line":201,"column":2},"end":{"line":203,"column":3}},{"start":{},"end":{}}],"line":201},"24":{"loc":{"start":{"line":212,"column":4},"end":{"line":214,"column":5}},"type":"if","locations":[{"start":{"line":212,"column":4},"end":{"line":214,"column":5}},{"start":{},"end":{}}],"line":212},"25":{"loc":{"start":{"line":219,"column":4},"end":{"line":221,"column":5}},"type":"if","locations":[{"start":{"line":219,"column":4},"end":{"line":221,"column":5}},{"start":{},"end":{}}],"line":219},"26":{"loc":{"start":{"line":219,"column":8},"end":{"line":219,"column":70}},"type":"binary-expr","locations":[{"start":{"line":219,"column":8},"end":{"line":219,"column":32}},{"start":{"line":219,"column":36},"end":{"line":219,"column":58}},{"start":{"line":219,"column":62},"end":{"line":219,"column":70}}],"line":219},"27":{"loc":{"start":{"line":235,"column":4},"end":{"line":237,"column":5}},"type":"if","locations":[{"start":{"line":235,"column":4},"end":{"line":237,"column":5}},{"start":{},"end":{}}],"line":235},"28":{"loc":{"start":{"line":242,"column":22},"end":{"line":242,"column":40}},"type":"binary-expr","locations":[{"start":{"line":242,"column":22},"end":{"line":242,"column":34}},{"start":{"line":242,"column":38},"end":{"line":242,"column":40}}],"line":242},"29":{"loc":{"start":{"line":246,"column":24},"end":{"line":248,"column":14}},"type":"cond-expr","locations":[{"start":{"line":247,"column":10},"end":{"line":247,"column":81}},{"start":{"line":248,"column":10},"end":{"line":248,"column":14}}],"line":246},"30":{"loc":{"start":{"line":262,"column":31},"end":{"line":262,"column":47}},"type":"default-arg","locations":[{"start":{"line":262,"column":44},"end":{"line":262,"column":47}}],"line":262}},"s":{"0":1,"1":1,"2":1,"3":1,"4":1,"5":1,"6":1,"7":13,"8":13,"9":13,"10":13,"11":13,"12":13,"13":13,"14":1,"15":12,"16":12,"17":12,"18":5,"19":7,"20":3,"21":4,"22":3,"23":1,"24":0,"25":0,"26":5,"27":5,"28":0,"29":5,"30":5,"31":5,"32":1,"33":4,"34":4,"35":1,"36":3,"37":0,"38":0,"39":3,"40":3,"41":3,"42":1,"43":3,"44":1,"45":3,"46":0,"47":3,"48":2,"49":1,"50":1,"51":1,"52":1,"53":1,"54":1,"55":7,"56":2,"57":2,"58":2,"59":1,"60":1,"61":1,"62":1,"63":1,"64":1,"65":1,"66":1,"67":1,"68":0,"69":1,"70":0,"71":0,"72":3,"73":3,"74":3,"75":3,"76":0,"77":3,"78":3,"79":3,"80":0,"81":3,"82":3,"83":1,"84":2,"85":2,"86":0,"87":2,"88":2,"89":4,"90":2,"91":2,"92":0,"93":0,"94":6,"95":7},"f":{"0":13,"1":5,"2":3,"3":7,"4":3,"5":4,"6":6,"7":7},"b":{"0":[13,12],"1":[1,12],"2":[5,7],"3":[12,8],"4":[3,4],"5":[7,3],"6":[3,1],"7":[4,3],"8":[0,5],"9":[1,4],"10":[1,3],"11":[4,3,2],"12":[3,0],"13":[1,2],"14":[3,2],"15":[1,2],"16":[3,2],"17":[0,3],"18":[3,0],"19":[2,1],"20":[2,5],"21":[0,1],"22":[3,2],"23":[0,3],"24":[0,3],"25":[1,2],"26":[3,1,1],"27":[0,2],"28":[2,0],"29":[0,2],"30":[6]},"_coverageSchema":"1a1c01bbd47fc00a2c39e90264f33305004495a9","hash":"5aa3c019ed98f805fdfc78b9bcaba9b3479e4837"}
}
