TN:
SF:index.js
FN:17,(anonymous_0)
FN:61,getProfile
FN:96,updateProfile
FN:134,(anonymous_3)
FN:196,getUserComments
FN:242,(anonymous_5)
FN:262,successResponse
FN:277,errorResponse
FNF:8
FNH:8
FNDA:13,(anonymous_0)
FNDA:5,getProfile
FNDA:3,updateProfile
FNDA:7,(anonymous_3)
FNDA:3,getUserComments
FNDA:4,(anonymous_5)
FNDA:6,successResponse
FNDA:7,errorResponse
DA:1,1
DA:2,1
DA:4,1
DA:5,1
DA:7,1
DA:8,1
DA:17,1
DA:18,13
DA:19,13
DA:22,13
DA:23,13
DA:24,13
DA:25,13
DA:27,13
DA:28,1
DA:32,12
DA:33,12
DA:36,12
DA:37,5
DA:41,7
DA:42,3
DA:46,4
DA:47,3
DA:50,1
DA:53,0
DA:54,0
DA:62,5
DA:64,5
DA:65,0
DA:68,5
DA:69,5
DA:74,5
DA:75,1
DA:78,4
DA:81,4
DA:82,1
DA:85,3
DA:88,0
DA:89,0
DA:97,3
DA:100,3
DA:102,3
DA:103,1
DA:106,3
DA:107,1
DA:110,3
DA:111,0
DA:114,3
DA:115,2
DA:118,1
DA:120,1
DA:121,1
DA:122,1
DA:124,1
DA:134,1
DA:135,7
DA:136,2
DA:137,2
DA:138,2
DA:143,1
DA:144,1
DA:145,1
DA:148,1
DA:149,1
DA:150,1
DA:151,1
DA:153,1
DA:163,1
DA:164,0
DA:185,1
DA:188,0
DA:189,0
DA:197,3
DA:198,3
DA:199,3
DA:201,3
DA:202,0
DA:206,3
DA:207,3
DA:212,3
DA:213,0
DA:216,3
DA:219,3
DA:220,1
DA:224,2
DA:235,2
DA:236,0
DA:239,2
DA:242,4
DA:244,2
DA:251,2
DA:254,0
DA:255,0
DA:263,6
DA:278,7
LF:95
LH:81
BRDA:24,0,0,13
BRDA:24,0,1,12
BRDA:27,1,0,1
BRDA:27,1,1,12
BRDA:36,2,0,5
BRDA:36,2,1,7
BRDA:36,3,0,12
BRDA:36,3,1,8
BRDA:41,4,0,3
BRDA:41,4,1,4
BRDA:41,5,0,7
BRDA:41,5,1,3
BRDA:46,6,0,3
BRDA:46,6,1,1
BRDA:46,7,0,4
BRDA:46,7,1,3
BRDA:64,8,0,0
BRDA:64,8,1,5
BRDA:74,9,0,1
BRDA:74,9,1,4
BRDA:81,10,0,1
BRDA:81,10,1,3
BRDA:81,11,0,4
BRDA:81,11,1,3
BRDA:81,11,2,2
BRDA:97,12,0,3
BRDA:97,12,1,0
BRDA:102,13,0,1
BRDA:102,13,1,2
BRDA:102,14,0,3
BRDA:102,14,1,2
BRDA:106,15,0,1
BRDA:106,15,1,2
BRDA:106,16,0,3
BRDA:106,16,1,2
BRDA:110,17,0,0
BRDA:110,17,1,3
BRDA:110,18,0,3
BRDA:110,18,1,0
BRDA:114,19,0,2
BRDA:114,19,1,1
BRDA:135,20,0,2
BRDA:135,20,1,5
BRDA:163,21,0,0
BRDA:163,21,1,1
BRDA:198,22,0,3
BRDA:198,22,1,2
BRDA:201,23,0,0
BRDA:201,23,1,3
BRDA:212,24,0,0
BRDA:212,24,1,3
BRDA:219,25,0,1
BRDA:219,25,1,2
BRDA:219,26,0,3
BRDA:219,26,1,1
BRDA:219,26,2,1
BRDA:235,27,0,0
BRDA:235,27,1,2
BRDA:242,28,0,2
BRDA:242,28,1,0
BRDA:246,29,0,0
BRDA:246,29,1,2
BRDA:262,30,0,6
BRF:63
BRH:53
end_of_record
