{"/root/hold-that-thought/.worktrees/profile-page/lambdas/messages-api/index.js": {"path":"/root/hold-that-thought/.worktrees/profile-page/lambdas/messages-api/index.js","statementMap":{"0":{"start":{"line":1,"column":27},"end":{"line":1,"column":62}},"1":{"start":{"line":2,"column":107},"end":{"line":2,"column":139}},"2":{"start":{"line":3,"column":39},"end":{"line":3,"column":68}},"3":{"start":{"line":4,"column":25},"end":{"line":4,"column":65}},"4":{"start":{"line":5,"column":23},"end":{"line":5,"column":38}},"5":{"start":{"line":7,"column":18},"end":{"line":7,"column":40}},"6":{"start":{"line":8,"column":18},"end":{"line":8,"column":56}},"7":{"start":{"line":9,"column":17},"end":{"line":9,"column":33}},"8":{"start":{"line":11,"column":28},"end":{"line":11,"column":59}},"9":{"start":{"line":12,"column":23},"end":{"line":12,"column":49}},"10":{"start":{"line":13,"column":35},"end":{"line":13,"column":73}},"11":{"start":{"line":14,"column":20},"end":{"line":14,"column":43}},"12":{"start":{"line":19,"column":0},"end":{"line":67,"column":2}},"13":{"start":{"line":20,"column":2},"end":{"line":66,"column":3}},"14":{"start":{"line":21,"column":4},"end":{"line":21,"column":58}},"15":{"start":{"line":23,"column":19},"end":{"line":23,"column":64}},"16":{"start":{"line":24,"column":4},"end":{"line":26,"column":5}},"17":{"start":{"line":25,"column":6},"end":{"line":25,"column":70}},"18":{"start":{"line":28,"column":19},"end":{"line":28,"column":35}},"19":{"start":{"line":29,"column":21},"end":{"line":29,"column":35}},"20":{"start":{"line":32,"column":4},"end":{"line":34,"column":5}},"21":{"start":{"line":33,"column":6},"end":{"line":33,"column":45}},"22":{"start":{"line":37,"column":4},"end":{"line":39,"column":5}},"23":{"start":{"line":38,"column":6},"end":{"line":38,"column":46}},"24":{"start":{"line":42,"column":4},"end":{"line":44,"column":5}},"25":{"start":{"line":43,"column":6},"end":{"line":43,"column":53}},"26":{"start":{"line":47,"column":4},"end":{"line":49,"column":5}},"27":{"start":{"line":48,"column":6},"end":{"line":48,"column":46}},"28":{"start":{"line":52,"column":4},"end":{"line":54,"column":5}},"29":{"start":{"line":53,"column":6},"end":{"line":53,"column":52}},"30":{"start":{"line":57,"column":4},"end":{"line":59,"column":5}},"31":{"start":{"line":58,"column":6},"end":{"line":58,"column":45}},"32":{"start":{"line":61,"column":4},"end":{"line":61,"column":49}},"33":{"start":{"line":64,"column":4},"end":{"line":64,"column":35}},"34":{"start":{"line":65,"column":4},"end":{"line":65,"column":55}},"35":{"start":{"line":73,"column":2},"end":{"line":92,"column":3}},"36":{"start":{"line":74,"column":19},"end":{"line":83,"column":7}},"37":{"start":{"line":85,"column":4},"end":{"line":87,"column":7}},"38":{"start":{"line":90,"column":4},"end":{"line":90,"column":69}},"39":{"start":{"line":91,"column":4},"end":{"line":91,"column":16}},"40":{"start":{"line":99,"column":25},"end":{"line":99,"column":61}},"41":{"start":{"line":100,"column":16},"end":{"line":100,"column":68}},"42":{"start":{"line":101,"column":27},"end":{"line":101,"column":72}},"43":{"start":{"line":103,"column":2},"end":{"line":105,"column":3}},"44":{"start":{"line":104,"column":4},"end":{"line":104,"column":66}},"45":{"start":{"line":107,"column":2},"end":{"line":145,"column":3}},"46":{"start":{"line":109,"column":24},"end":{"line":112,"column":7}},"47":{"start":{"line":114,"column":4},"end":{"line":116,"column":5}},"48":{"start":{"line":115,"column":6},"end":{"line":115,"column":82}},"49":{"start":{"line":119,"column":24},"end":{"line":127,"column":5}},"50":{"start":{"line":129,"column":4},"end":{"line":131,"column":5}},"51":{"start":{"line":130,"column":6},"end":{"line":130,"column":101}},"52":{"start":{"line":133,"column":19},"end":{"line":133,"column":70}},"53":{"start":{"line":135,"column":4},"end":{"line":140,"column":7}},"54":{"start":{"line":143,"column":4},"end":{"line":143,"column":80}},"55":{"start":{"line":144,"column":4},"end":{"line":144,"column":16}},"56":{"start":{"line":152,"column":15},"end":{"line":152,"column":45}},"57":{"start":{"line":153,"column":25},"end":{"line":153,"column":50}},"58":{"start":{"line":154,"column":22},"end":{"line":154,"column":38}},"59":{"start":{"line":155,"column":28},"end":{"line":155,"column":50}},"60":{"start":{"line":158,"column":2},"end":{"line":160,"column":3}},"61":{"start":{"line":159,"column":4},"end":{"line":159,"column":74}},"62":{"start":{"line":163,"column":2},"end":{"line":165,"column":3}},"63":{"start":{"line":164,"column":4},"end":{"line":164,"column":32}},"64":{"start":{"line":167,"column":2},"end":{"line":221,"column":3}},"65":{"start":{"line":169,"column":27},"end":{"line":171,"column":16}},"66":{"start":{"line":173,"column":29},"end":{"line":173,"column":77}},"67":{"start":{"line":176,"column":29},"end":{"line":176,"column":65}},"68":{"start":{"line":179,"column":16},"end":{"line":179,"column":40}},"69":{"start":{"line":180,"column":26},"end":{"line":193,"column":7}},"70":{"start":{"line":180,"column":53},"end":{"line":193,"column":5}},"71":{"start":{"line":196,"column":4},"end":{"line":203,"column":5}},"72":{"start":{"line":196,"column":17},"end":{"line":196,"column":18}},"73":{"start":{"line":197,"column":20},"end":{"line":197,"column":50}},"74":{"start":{"line":198,"column":6},"end":{"line":202,"column":10}},"75":{"start":{"line":206,"column":18},"end":{"line":206,"column":22}},"76":{"start":{"line":207,"column":4},"end":{"line":209,"column":5}},"77":{"start":{"line":208,"column":6},"end":{"line":208,"column":107}},"78":{"start":{"line":211,"column":4},"end":{"line":216,"column":12}},"79":{"start":{"line":219,"column":4},"end":{"line":219,"column":85}},"80":{"start":{"line":220,"column":4},"end":{"line":220,"column":16}},"81":{"start":{"line":228,"column":25},"end":{"line":228,"column":61}},"82":{"start":{"line":229,"column":15},"end":{"line":229,"column":45}},"83":{"start":{"line":230,"column":22},"end":{"line":230,"column":38}},"84":{"start":{"line":231,"column":22},"end":{"line":231,"column":44}},"85":{"start":{"line":233,"column":2},"end":{"line":235,"column":3}},"86":{"start":{"line":234,"column":4},"end":{"line":234,"column":66}},"87":{"start":{"line":237,"column":2},"end":{"line":239,"column":3}},"88":{"start":{"line":238,"column":4},"end":{"line":238,"column":64}},"89":{"start":{"line":241,"column":2},"end":{"line":243,"column":3}},"90":{"start":{"line":242,"column":4},"end":{"line":242,"column":78}},"91":{"start":{"line":245,"column":2},"end":{"line":271,"column":3}},"92":{"start":{"line":247,"column":24},"end":{"line":250,"column":7}},"93":{"start":{"line":252,"column":4},"end":{"line":254,"column":5}},"94":{"start":{"line":253,"column":6},"end":{"line":253,"column":82}},"95":{"start":{"line":256,"column":25},"end":{"line":256,"column":41}},"96":{"start":{"line":257,"column":27},"end":{"line":257,"column":66}},"97":{"start":{"line":258,"column":29},"end":{"line":258,"column":58}},"98":{"start":{"line":261,"column":20},"end":{"line":261,"column":123}},"99":{"start":{"line":264,"column":4},"end":{"line":264,"column":76}},"100":{"start":{"line":266,"column":4},"end":{"line":266,"column":41}},"101":{"start":{"line":269,"column":4},"end":{"line":269,"column":79}},"102":{"start":{"line":270,"column":4},"end":{"line":270,"column":16}},"103":{"start":{"line":278,"column":15},"end":{"line":278,"column":45}},"104":{"start":{"line":279,"column":19},"end":{"line":279,"column":32}},"105":{"start":{"line":280,"column":22},"end":{"line":280,"column":68}},"106":{"start":{"line":282,"column":2},"end":{"line":284,"column":3}},"107":{"start":{"line":283,"column":4},"end":{"line":283,"column":50}},"108":{"start":{"line":286,"column":2},"end":{"line":307,"column":3}},"109":{"start":{"line":287,"column":16},"end":{"line":287,"column":72}},"110":{"start":{"line":289,"column":20},"end":{"line":293,"column":6}},"111":{"start":{"line":295,"column":25},"end":{"line":295,"column":82}},"112":{"start":{"line":297,"column":4},"end":{"line":302,"column":7}},"113":{"start":{"line":305,"column":4},"end":{"line":305,"column":79}},"114":{"start":{"line":306,"column":4},"end":{"line":306,"column":16}},"115":{"start":{"line":314,"column":25},"end":{"line":314,"column":61}},"116":{"start":{"line":316,"column":2},"end":{"line":318,"column":3}},"117":{"start":{"line":317,"column":4},"end":{"line":317,"column":66}},"118":{"start":{"line":320,"column":2},"end":{"line":335,"column":3}},"119":{"start":{"line":321,"column":4},"end":{"line":328,"column":8}},"120":{"start":{"line":330,"column":4},"end":{"line":330,"column":71}},"121":{"start":{"line":333,"column":4},"end":{"line":333,"column":92}},"122":{"start":{"line":334,"column":4},"end":{"line":334,"column":16}},"123":{"start":{"line":343,"column":24},"end":{"line":346,"column":5}},"124":{"start":{"line":348,"column":21},"end":{"line":348,"column":67}},"125":{"start":{"line":350,"column":20},"end":{"line":350,"column":61}},"126":{"start":{"line":352,"column":18},"end":{"line":362,"column":3}},"127":{"start":{"line":364,"column":2},"end":{"line":367,"column":6}},"128":{"start":{"line":370,"column":2},"end":{"line":373,"column":4}},"129":{"start":{"line":380,"column":14},"end":{"line":380,"column":38}},"130":{"start":{"line":382,"column":2},"end":{"line":405,"column":3}},"131":{"start":{"line":383,"column":4},"end":{"line":404,"column":5}},"132":{"start":{"line":385,"column":6},"end":{"line":392,"column":10}},"133":{"start":{"line":395,"column":6},"end":{"line":403,"column":10}},"134":{"start":{"line":412,"column":16},"end":{"line":412,"column":18}},"135":{"start":{"line":413,"column":2},"end":{"line":419,"column":3}},"136":{"start":{"line":414,"column":19},"end":{"line":417,"column":7}},"137":{"start":{"line":418,"column":4},"end":{"line":418,"column":56}},"138":{"start":{"line":420,"column":2},"end":{"line":420,"column":15}},"139":{"start":{"line":427,"column":2},"end":{"line":435,"column":4}},"140":{"start":{"line":442,"column":2},"end":{"line":450,"column":4}}},"fnMap":{"0":{"name":"(anonymous_0)","decl":{"start":{"line":19,"column":18},"end":{"line":19,"column":19}},"loc":{"start":{"line":19,"column":35},"end":{"line":67,"column":1}},"line":19},"1":{"name":"listConversations","decl":{"start":{"line":72,"column":15},"end":{"line":72,"column":32}},"loc":{"start":{"line":72,"column":41},"end":{"line":93,"column":1}},"line":72},"2":{"name":"getMessages","decl":{"start":{"line":98,"column":15},"end":{"line":98,"column":26}},"loc":{"start":{"line":98,"column":42},"end":{"line":146,"column":1}},"line":98},"3":{"name":"createConversation","decl":{"start":{"line":151,"column":15},"end":{"line":151,"column":33}},"loc":{"start":{"line":151,"column":49},"end":{"line":222,"column":1}},"line":151},"4":{"name":"(anonymous_4)","decl":{"start":{"line":180,"column":45},"end":{"line":180,"column":46}},"loc":{"start":{"line":180,"column":53},"end":{"line":193,"column":5}},"line":180},"5":{"name":"sendMessage","decl":{"start":{"line":227,"column":15},"end":{"line":227,"column":26}},"loc":{"start":{"line":227,"column":42},"end":{"line":272,"column":1}},"line":227},"6":{"name":"generateUploadUrl","decl":{"start":{"line":277,"column":15},"end":{"line":277,"column":32}},"loc":{"start":{"line":277,"column":48},"end":{"line":308,"column":1}},"line":277},"7":{"name":"markAsRead","decl":{"start":{"line":313,"column":15},"end":{"line":313,"column":25}},"loc":{"start":{"line":313,"column":41},"end":{"line":336,"column":1}},"line":313},"8":{"name":"createMessage","decl":{"start":{"line":341,"column":15},"end":{"line":341,"column":28}},"loc":{"start":{"line":341,"column":120},"end":{"line":374,"column":1}},"line":341},"9":{"name":"updateConversationMembers","decl":{"start":{"line":379,"column":15},"end":{"line":379,"column":40}},"loc":{"start":{"line":379,"column":83},"end":{"line":406,"column":1}},"line":379},"10":{"name":"fetchUserNames","decl":{"start":{"line":411,"column":15},"end":{"line":411,"column":29}},"loc":{"start":{"line":411,"column":39},"end":{"line":421,"column":1}},"line":411},"11":{"name":"successResponse","decl":{"start":{"line":426,"column":9},"end":{"line":426,"column":24}},"loc":{"start":{"line":426,"column":49},"end":{"line":436,"column":1}},"line":426},"12":{"name":"errorResponse","decl":{"start":{"line":441,"column":9},"end":{"line":441,"column":22}},"loc":{"start":{"line":441,"column":44},"end":{"line":451,"column":1}},"line":441}},"branchMap":{"0":{"loc":{"start":{"line":24,"column":4},"end":{"line":26,"column":5}},"type":"if","locations":[{"start":{"line":24,"column":4},"end":{"line":26,"column":5}},{"start":{},"end":{}}],"line":24},"1":{"loc":{"start":{"line":32,"column":4},"end":{"line":34,"column":5}},"type":"if","locations":[{"start":{"line":32,"column":4},"end":{"line":34,"column":5}},{"start":{},"end":{}}],"line":32},"2":{"loc":{"start":{"line":32,"column":8},"end":{"line":32,"column":66}},"type":"binary-expr","locations":[{"start":{"line":32,"column":8},"end":{"line":32,"column":24}},{"start":{"line":32,"column":28},"end":{"line":32,"column":66}}],"line":32},"3":{"loc":{"start":{"line":37,"column":4},"end":{"line":39,"column":5}},"type":"if","locations":[{"start":{"line":37,"column":4},"end":{"line":39,"column":5}},{"start":{},"end":{}}],"line":37},"4":{"loc":{"start":{"line":37,"column":8},"end":{"line":37,"column":83}},"type":"binary-expr","locations":[{"start":{"line":37,"column":8},"end":{"line":37,"column":24}},{"start":{"line":37,"column":28},"end":{"line":37,"column":83}}],"line":37},"5":{"loc":{"start":{"line":42,"column":4},"end":{"line":44,"column":5}},"type":"if","locations":[{"start":{"line":42,"column":4},"end":{"line":44,"column":5}},{"start":{},"end":{}}],"line":42},"6":{"loc":{"start":{"line":42,"column":8},"end":{"line":42,"column":67}},"type":"binary-expr","locations":[{"start":{"line":42,"column":8},"end":{"line":42,"column":25}},{"start":{"line":42,"column":29},"end":{"line":42,"column":67}}],"line":42},"7":{"loc":{"start":{"line":47,"column":4},"end":{"line":49,"column":5}},"type":"if","locations":[{"start":{"line":47,"column":4},"end":{"line":49,"column":5}},{"start":{},"end":{}}],"line":47},"8":{"loc":{"start":{"line":47,"column":8},"end":{"line":47,"column":84}},"type":"binary-expr","locations":[{"start":{"line":47,"column":8},"end":{"line":47,"column":25}},{"start":{"line":47,"column":29},"end":{"line":47,"column":84}}],"line":47},"9":{"loc":{"start":{"line":52,"column":4},"end":{"line":54,"column":5}},"type":"if","locations":[{"start":{"line":52,"column":4},"end":{"line":54,"column":5}},{"start":{},"end":{}}],"line":52},"10":{"loc":{"start":{"line":52,"column":8},"end":{"line":52,"column":60}},"type":"binary-expr","locations":[{"start":{"line":52,"column":8},"end":{"line":52,"column":25}},{"start":{"line":52,"column":29},"end":{"line":52,"column":60}}],"line":52},"11":{"loc":{"start":{"line":57,"column":4},"end":{"line":59,"column":5}},"type":"if","locations":[{"start":{"line":57,"column":4},"end":{"line":59,"column":5}},{"start":{},"end":{}}],"line":57},"12":{"loc":{"start":{"line":57,"column":8},"end":{"line":57,"column":88}},"type":"binary-expr","locations":[{"start":{"line":57,"column":8},"end":{"line":57,"column":24}},{"start":{"line":57,"column":28},"end":{"line":57,"column":88}}],"line":57},"13":{"loc":{"start":{"line":86,"column":21},"end":{"line":86,"column":39}},"type":"binary-expr","locations":[{"start":{"line":86,"column":21},"end":{"line":86,"column":33}},{"start":{"line":86,"column":37},"end":{"line":86,"column":39}}],"line":86},"14":{"loc":{"start":{"line":100,"column":25},"end":{"line":100,"column":67}},"type":"binary-expr","locations":[{"start":{"line":100,"column":25},"end":{"line":100,"column":59}},{"start":{"line":100,"column":63},"end":{"line":100,"column":67}}],"line":100},"15":{"loc":{"start":{"line":103,"column":2},"end":{"line":105,"column":3}},"type":"if","locations":[{"start":{"line":103,"column":2},"end":{"line":105,"column":3}},{"start":{},"end":{}}],"line":103},"16":{"loc":{"start":{"line":114,"column":4},"end":{"line":116,"column":5}},"type":"if","locations":[{"start":{"line":114,"column":4},"end":{"line":116,"column":5}},{"start":{},"end":{}}],"line":114},"17":{"loc":{"start":{"line":129,"column":4},"end":{"line":131,"column":5}},"type":"if","locations":[{"start":{"line":129,"column":4},"end":{"line":131,"column":5}},{"start":{},"end":{}}],"line":129},"18":{"loc":{"start":{"line":136,"column":16},"end":{"line":136,"column":34}},"type":"binary-expr","locations":[{"start":{"line":136,"column":16},"end":{"line":136,"column":28}},{"start":{"line":136,"column":32},"end":{"line":136,"column":34}}],"line":136},"19":{"loc":{"start":{"line":137,"column":24},"end":{"line":139,"column":14}},"type":"cond-expr","locations":[{"start":{"line":138,"column":10},"end":{"line":138,"column":81}},{"start":{"line":139,"column":10},"end":{"line":139,"column":14}}],"line":137},"20":{"loc":{"start":{"line":152,"column":26},"end":{"line":152,"column":44}},"type":"binary-expr","locations":[{"start":{"line":152,"column":26},"end":{"line":152,"column":36}},{"start":{"line":152,"column":40},"end":{"line":152,"column":44}}],"line":152},"21":{"loc":{"start":{"line":153,"column":25},"end":{"line":153,"column":50}},"type":"binary-expr","locations":[{"start":{"line":153,"column":25},"end":{"line":153,"column":44}},{"start":{"line":153,"column":48},"end":{"line":153,"column":50}}],"line":153},"22":{"loc":{"start":{"line":158,"column":2},"end":{"line":160,"column":3}},"type":"if","locations":[{"start":{"line":158,"column":2},"end":{"line":160,"column":3}},{"start":{},"end":{}}],"line":158},"23":{"loc":{"start":{"line":158,"column":6},"end":{"line":158,"column":67}},"type":"binary-expr","locations":[{"start":{"line":158,"column":6},"end":{"line":158,"column":36}},{"start":{"line":158,"column":40},"end":{"line":158,"column":67}}],"line":158},"24":{"loc":{"start":{"line":163,"column":2},"end":{"line":165,"column":3}},"type":"if","locations":[{"start":{"line":163,"column":2},"end":{"line":165,"column":3}},{"start":{},"end":{}}],"line":163},"25":{"loc":{"start":{"line":169,"column":27},"end":{"line":171,"column":16}},"type":"cond-expr","locations":[{"start":{"line":170,"column":8},"end":{"line":170,"column":39}},{"start":{"line":171,"column":8},"end":{"line":171,"column":16}}],"line":169},"26":{"loc":{"start":{"line":173,"column":29},"end":{"line":173,"column":77}},"type":"cond-expr","locations":[{"start":{"line":173,"column":59},"end":{"line":173,"column":67}},{"start":{"line":173,"column":70},"end":{"line":173,"column":77}}],"line":173},"27":{"loc":{"start":{"line":189,"column":23},"end":{"line":189,"column":45}},"type":"cond-expr","locations":[{"start":{"line":189,"column":40},"end":{"line":189,"column":41}},{"start":{"line":189,"column":44},"end":{"line":189,"column":45}}],"line":189},"28":{"loc":{"start":{"line":190,"column":29},"end":{"line":190,"column":54}},"type":"binary-expr","locations":[{"start":{"line":190,"column":29},"end":{"line":190,"column":46}},{"start":{"line":190,"column":50},"end":{"line":190,"column":54}}],"line":190},"29":{"loc":{"start":{"line":207,"column":4},"end":{"line":209,"column":5}},"type":"if","locations":[{"start":{"line":207,"column":4},"end":{"line":209,"column":5}},{"start":{},"end":{}}],"line":207},"30":{"loc":{"start":{"line":229,"column":26},"end":{"line":229,"column":44}},"type":"binary-expr","locations":[{"start":{"line":229,"column":26},"end":{"line":229,"column":36}},{"start":{"line":229,"column":40},"end":{"line":229,"column":44}}],"line":229},"31":{"loc":{"start":{"line":231,"column":22},"end":{"line":231,"column":44}},"type":"binary-expr","locations":[{"start":{"line":231,"column":22},"end":{"line":231,"column":38}},{"start":{"line":231,"column":42},"end":{"line":231,"column":44}}],"line":231},"32":{"loc":{"start":{"line":233,"column":2},"end":{"line":235,"column":3}},"type":"if","locations":[{"start":{"line":233,"column":2},"end":{"line":235,"column":3}},{"start":{},"end":{}}],"line":233},"33":{"loc":{"start":{"line":237,"column":2},"end":{"line":239,"column":3}},"type":"if","locations":[{"start":{"line":237,"column":2},"end":{"line":239,"column":3}},{"start":{},"end":{}}],"line":237},"34":{"loc":{"start":{"line":237,"column":6},"end":{"line":237,"column":53}},"type":"binary-expr","locations":[{"start":{"line":237,"column":6},"end":{"line":237,"column":18}},{"start":{"line":237,"column":22},"end":{"line":237,"column":53}}],"line":237},"35":{"loc":{"start":{"line":241,"column":2},"end":{"line":243,"column":3}},"type":"if","locations":[{"start":{"line":241,"column":2},"end":{"line":243,"column":3}},{"start":{},"end":{}}],"line":241},"36":{"loc":{"start":{"line":252,"column":4},"end":{"line":254,"column":5}},"type":"if","locations":[{"start":{"line":252,"column":4},"end":{"line":254,"column":5}},{"start":{},"end":{}}],"line":252},"37":{"loc":{"start":{"line":278,"column":26},"end":{"line":278,"column":44}},"type":"binary-expr","locations":[{"start":{"line":278,"column":26},"end":{"line":278,"column":36}},{"start":{"line":278,"column":40},"end":{"line":278,"column":44}}],"line":278},"38":{"loc":{"start":{"line":280,"column":22},"end":{"line":280,"column":68}},"type":"binary-expr","locations":[{"start":{"line":280,"column":22},"end":{"line":280,"column":38}},{"start":{"line":280,"column":42},"end":{"line":280,"column":68}}],"line":280},"39":{"loc":{"start":{"line":282,"column":2},"end":{"line":284,"column":3}},"type":"if","locations":[{"start":{"line":282,"column":2},"end":{"line":284,"column":3}},{"start":{},"end":{}}],"line":282},"40":{"loc":{"start":{"line":316,"column":2},"end":{"line":318,"column":3}},"type":"if","locations":[{"start":{"line":316,"column":2},"end":{"line":318,"column":3}},{"start":{},"end":{}}],"line":316},"41":{"loc":{"start":{"line":341,"column":102},"end":{"line":341,"column":118}},"type":"default-arg","locations":[{"start":{"line":341,"column":116},"end":{"line":341,"column":118}}],"line":341},"42":{"loc":{"start":{"line":348,"column":21},"end":{"line":348,"column":67}},"type":"binary-expr","locations":[{"start":{"line":348,"column":21},"end":{"line":348,"column":52}},{"start":{"line":348,"column":56},"end":{"line":348,"column":67}}],"line":348},"43":{"loc":{"start":{"line":383,"column":4},"end":{"line":404,"column":5}},"type":"if","locations":[{"start":{"line":383,"column":4},"end":{"line":404,"column":5}},{"start":{"line":393,"column":11},"end":{"line":404,"column":5}}],"line":383},"44":{"loc":{"start":{"line":418,"column":15},"end":{"line":418,"column":54}},"type":"binary-expr","locations":[{"start":{"line":418,"column":15},"end":{"line":418,"column":39}},{"start":{"line":418,"column":43},"end":{"line":418,"column":54}}],"line":418},"45":{"loc":{"start":{"line":426,"column":31},"end":{"line":426,"column":47}},"type":"default-arg","locations":[{"start":{"line":426,"column":44},"end":{"line":426,"column":47}}],"line":426}},"s":{"0":1,"1":1,"2":1,"3":1,"4":1,"5":1,"6":1,"7":1,"8":1,"9":1,"10":1,"11":1,"12":1,"13":7,"14":7,"15":7,"16":7,"17":1,"18":6,"19":6,"20":6,"21":1,"22":5,"23":0,"24":5,"25":2,"26":3,"27":2,"28":1,"29":0,"30":1,"31":1,"32":0,"33":0,"34":0,"35":1,"36":1,"37":1,"38":0,"39":0,"40":0,"41":0,"42":0,"43":0,"44":0,"45":0,"46":0,"47":0,"48":0,"49":0,"50":0,"51":0,"52":0,"53":0,"54":0,"55":0,"56":2,"57":2,"58":2,"59":2,"60":2,"61":0,"62":2,"63":0,"64":2,"65":2,"66":2,"67":2,"68":2,"69":2,"70":5,"71":2,"72":2,"73":2,"74":2,"75":2,"76":2,"77":1,"78":2,"79":0,"80":0,"81":2,"82":2,"83":2,"84":2,"85":2,"86":0,"87":2,"88":0,"89":2,"90":0,"91":2,"92":2,"93":2,"94":1,"95":1,"96":1,"97":1,"98":1,"99":1,"100":1,"101":0,"102":0,"103":0,"104":0,"105":0,"106":0,"107":0,"108":0,"109":0,"110":0,"111":0,"112":0,"113":0,"114":0,"115":1,"116":1,"117":0,"118":1,"119":1,"120":1,"121":0,"122":0,"123":2,"124":2,"125":2,"126":2,"127":2,"128":2,"129":1,"130":1,"131":2,"132":1,"133":1,"134":2,"135":2,"136":5,"137":5,"138":2,"139":5,"140":2},"f":{"0":7,"1":1,"2":0,"3":2,"4":5,"5":2,"6":0,"7":1,"8":2,"9":1,"10":2,"11":5,"12":2},"b":{"0":[1,6],"1":[1,5],"2":[6,1],"3":[0,5],"4":[5,0],"5":[2,3],"6":[5,4],"7":[2,1],"8":[3,2],"9":[0,1],"10":[1,0],"11":[1,0],"12":[1,1],"13":[1,0],"14":[0,0],"15":[0,0],"16":[0,0],"17":[0,0],"18":[0,0],"19":[0,0],"20":[2,0],"21":[2,0],"22":[0,2],"23":[2,2],"24":[0,2],"25":[1,1],"26":[1,1],"27":[2,3],"28":[5,2],"29":[1,1],"30":[2,0],"31":[2,2],"32":[0,2],"33":[0,2],"34":[2,2],"35":[0,2],"36":[1,1],"37":[0,0],"38":[0,0],"39":[0,0],"40":[0,1],"41":[1],"42":[2,0],"43":[1,1],"44":[5,0],"45":[2]},"_coverageSchema":"1a1c01bbd47fc00a2c39e90264f33305004495a9","hash":"8eb333dd293caf206fee27ff67dae96557f35b32"}
}
