TN:
SF:index.js
FN:19,(anonymous_0)
FN:72,listConversations
FN:98,getMessages
FN:151,createConversation
FN:180,(anonymous_4)
FN:227,sendMessage
FN:277,generateUploadUrl
FN:313,markAsRead
FN:341,createMessage
FN:379,updateConversationMembers
FN:411,fetchUserNames
FN:426,successResponse
FN:441,errorResponse
FNF:13
FNH:11
FNDA:7,(anonymous_0)
FNDA:1,listConversations
FNDA:0,getMessages
FNDA:2,createConversation
FNDA:5,(anonymous_4)
FNDA:2,sendMessage
FNDA:0,generateUploadUrl
FNDA:1,markAsRead
FNDA:2,createMessage
FNDA:1,updateConversationMembers
FNDA:2,fetchUserNames
FNDA:5,successResponse
FNDA:2,errorResponse
DA:1,1
DA:2,1
DA:3,1
DA:4,1
DA:5,1
DA:7,1
DA:8,1
DA:9,1
DA:11,1
DA:12,1
DA:13,1
DA:14,1
DA:19,1
DA:20,7
DA:21,7
DA:23,7
DA:24,7
DA:25,1
DA:28,6
DA:29,6
DA:32,6
DA:33,1
DA:37,5
DA:38,0
DA:42,5
DA:43,2
DA:47,3
DA:48,2
DA:52,1
DA:53,0
DA:57,1
DA:58,1
DA:61,0
DA:64,0
DA:65,0
DA:73,1
DA:74,1
DA:85,1
DA:90,0
DA:91,0
DA:99,0
DA:100,0
DA:101,0
DA:103,0
DA:104,0
DA:107,0
DA:109,0
DA:114,0
DA:115,0
DA:119,0
DA:129,0
DA:130,0
DA:133,0
DA:135,0
DA:143,0
DA:144,0
DA:152,2
DA:153,2
DA:154,2
DA:155,2
DA:158,2
DA:159,0
DA:163,2
DA:164,0
DA:167,2
DA:169,2
DA:173,2
DA:176,2
DA:179,2
DA:180,5
DA:196,2
DA:197,2
DA:198,2
DA:206,2
DA:207,2
DA:208,1
DA:211,2
DA:219,0
DA:220,0
DA:228,2
DA:229,2
DA:230,2
DA:231,2
DA:233,2
DA:234,0
DA:237,2
DA:238,0
DA:241,2
DA:242,0
DA:245,2
DA:247,2
DA:252,2
DA:253,1
DA:256,1
DA:257,1
DA:258,1
DA:261,1
DA:264,1
DA:266,1
DA:269,0
DA:270,0
DA:278,0
DA:279,0
DA:280,0
DA:282,0
DA:283,0
DA:286,0
DA:287,0
DA:289,0
DA:295,0
DA:297,0
DA:305,0
DA:306,0
DA:314,1
DA:316,1
DA:317,0
DA:320,1
DA:321,1
DA:330,1
DA:333,0
DA:334,0
DA:343,2
DA:348,2
DA:350,2
DA:352,2
DA:364,2
DA:370,2
DA:380,1
DA:382,1
DA:383,2
DA:385,1
DA:395,1
DA:412,2
DA:413,2
DA:414,5
DA:418,5
DA:420,2
DA:427,5
DA:442,2
LF:139
LH:92
BRDA:24,0,0,1
BRDA:24,0,1,6
BRDA:32,1,0,1
BRDA:32,1,1,5
BRDA:32,2,0,6
BRDA:32,2,1,1
BRDA:37,3,0,0
BRDA:37,3,1,5
BRDA:37,4,0,5
BRDA:37,4,1,0
BRDA:42,5,0,2
BRDA:42,5,1,3
BRDA:42,6,0,5
BRDA:42,6,1,4
BRDA:47,7,0,2
BRDA:47,7,1,1
BRDA:47,8,0,3
BRDA:47,8,1,2
BRDA:52,9,0,0
BRDA:52,9,1,1
BRDA:52,10,0,1
BRDA:52,10,1,0
BRDA:57,11,0,1
BRDA:57,11,1,0
BRDA:57,12,0,1
BRDA:57,12,1,1
BRDA:86,13,0,1
BRDA:86,13,1,0
BRDA:100,14,0,0
BRDA:100,14,1,0
BRDA:103,15,0,0
BRDA:103,15,1,0
BRDA:114,16,0,0
BRDA:114,16,1,0
BRDA:129,17,0,0
BRDA:129,17,1,0
BRDA:136,18,0,0
BRDA:136,18,1,0
BRDA:137,19,0,0
BRDA:137,19,1,0
BRDA:152,20,0,2
BRDA:152,20,1,0
BRDA:153,21,0,2
BRDA:153,21,1,0
BRDA:158,22,0,0
BRDA:158,22,1,2
BRDA:158,23,0,2
BRDA:158,23,1,2
BRDA:163,24,0,0
BRDA:163,24,1,2
BRDA:169,25,0,1
BRDA:169,25,1,1
BRDA:173,26,0,1
BRDA:173,26,1,1
BRDA:189,27,0,2
BRDA:189,27,1,3
BRDA:190,28,0,5
BRDA:190,28,1,2
BRDA:207,29,0,1
BRDA:207,29,1,1
BRDA:229,30,0,2
BRDA:229,30,1,0
BRDA:231,31,0,2
BRDA:231,31,1,2
BRDA:233,32,0,0
BRDA:233,32,1,2
BRDA:237,33,0,0
BRDA:237,33,1,2
BRDA:237,34,0,2
BRDA:237,34,1,2
BRDA:241,35,0,0
BRDA:241,35,1,2
BRDA:252,36,0,1
BRDA:252,36,1,1
BRDA:278,37,0,0
BRDA:278,37,1,0
BRDA:280,38,0,0
BRDA:280,38,1,0
BRDA:282,39,0,0
BRDA:282,39,1,0
BRDA:316,40,0,0
BRDA:316,40,1,1
BRDA:341,41,0,1
BRDA:348,42,0,2
BRDA:348,42,1,0
BRDA:383,43,0,1
BRDA:383,43,1,1
BRDA:418,44,0,5
BRDA:418,44,1,0
BRDA:426,45,0,2
BRF:90
BRH:55
end_of_record
