<?xml version="1.0" encoding="UTF-8"?>
<coverage generated="1762539238165" clover="3.2.0">
  <project timestamp="1762539238165" name="All files">
    <metrics statements="130" coveredstatements="109" conditionals="100" coveredconditionals="82" methods="9" coveredmethods="9" elements="239" coveredelements="200" complexity="0" loc="130" ncloc="130" packages="1" files="1" classes="1"/>
    <file name="index.js" path="/root/hold-that-thought/.worktrees/profile-page/lambdas/comments-api/index.js">
      <metrics statements="130" coveredstatements="109" conditionals="100" coveredconditionals="82" methods="9" coveredmethods="9"/>
      <line num="1" count="1" type="stmt"/>
      <line num="2" count="1" type="stmt"/>
      <line num="3" count="1" type="stmt"/>
      <line num="4" count="1" type="stmt"/>
      <line num="6" count="1" type="stmt"/>
      <line num="7" count="1" type="stmt"/>
      <line num="9" count="1" type="stmt"/>
      <line num="10" count="1" type="stmt"/>
      <line num="21" count="1" type="stmt"/>
      <line num="22" count="19" type="stmt"/>
      <line num="23" count="19" type="stmt"/>
      <line num="26" count="19" type="stmt"/>
      <line num="27" count="19" type="stmt"/>
      <line num="28" count="19" type="cond" truecount="2" falsecount="0"/>
      <line num="29" count="19" type="stmt"/>
      <line num="31" count="19" type="cond" truecount="2" falsecount="0"/>
      <line num="32" count="1" type="stmt"/>
      <line num="36" count="18" type="stmt"/>
      <line num="37" count="18" type="stmt"/>
      <line num="40" count="18" type="cond" truecount="4" falsecount="0"/>
      <line num="41" count="3" type="stmt"/>
      <line num="45" count="15" type="cond" truecount="4" falsecount="0"/>
      <line num="46" count="5" type="stmt"/>
      <line num="50" count="10" type="cond" truecount="4" falsecount="0"/>
      <line num="51" count="4" type="stmt"/>
      <line num="55" count="6" type="cond" truecount="4" falsecount="0"/>
      <line num="56" count="3" type="stmt"/>
      <line num="60" count="3" type="cond" truecount="4" falsecount="0"/>
      <line num="61" count="2" type="stmt"/>
      <line num="64" count="1" type="stmt"/>
      <line num="67" count="0" type="stmt"/>
      <line num="68" count="0" type="stmt"/>
      <line num="76" count="3" type="stmt"/>
      <line num="77" count="3" type="cond" truecount="2" falsecount="0"/>
      <line num="78" count="3" type="stmt"/>
      <line num="80" count="3" type="cond" truecount="2" falsecount="0"/>
      <line num="81" count="1" type="stmt"/>
      <line num="84" count="2" type="stmt"/>
      <line num="85" count="2" type="stmt"/>
      <line num="95" count="2" type="cond" truecount="1" falsecount="1"/>
      <line num="96" count="0" type="stmt"/>
      <line num="99" count="2" type="stmt"/>
      <line num="102" count="4" type="cond" truecount="1" falsecount="1"/>
      <line num="104" count="2" type="stmt"/>
      <line num="111" count="2" type="stmt"/>
      <line num="114" count="0" type="stmt"/>
      <line num="115" count="0" type="stmt"/>
      <line num="123" count="5" type="stmt"/>
      <line num="124" count="5" type="cond" truecount="1" falsecount="1"/>
      <line num="125" count="5" type="stmt"/>
      <line num="126" count="5" type="cond" truecount="2" falsecount="0"/>
      <line num="127" count="5" type="cond" truecount="2" falsecount="0"/>
      <line num="130" count="5" type="cond" truecount="1" falsecount="1"/>
      <line num="131" count="0" type="stmt"/>
      <line num="134" count="5" type="cond" truecount="4" falsecount="0"/>
      <line num="135" count="1" type="stmt"/>
      <line num="139" count="4" type="stmt"/>
      <line num="144" count="4" type="cond" truecount="2" falsecount="0"/>
      <line num="145" count="1" type="stmt"/>
      <line num="148" count="3" type="cond" truecount="2" falsecount="0"/>
      <line num="149" count="1" type="stmt"/>
      <line num="152" count="2" type="stmt"/>
      <line num="154" count="2" type="stmt"/>
      <line num="159" count="2" type="cond" truecount="1" falsecount="1"/>
      <line num="160" count="2" type="cond" truecount="1" falsecount="2"/>
      <line num="161" count="2" type="cond" truecount="2" falsecount="0"/>
      <line num="164" count="2" type="stmt"/>
      <line num="165" count="2" type="stmt"/>
      <line num="167" count="2" type="stmt"/>
      <line num="184" count="2" type="stmt"/>
      <line num="189" count="2" type="stmt"/>
      <line num="192" count="0" type="stmt"/>
      <line num="193" count="0" type="stmt"/>
      <line num="201" count="4" type="stmt"/>
      <line num="202" count="4" type="stmt"/>
      <line num="203" count="4" type="cond" truecount="1" falsecount="1"/>
      <line num="204" count="4" type="stmt"/>
      <line num="207" count="4" type="cond" truecount="3" falsecount="1"/>
      <line num="208" count="0" type="stmt"/>
      <line num="211" count="4" type="cond" truecount="3" falsecount="1"/>
      <line num="212" count="0" type="stmt"/>
      <line num="216" count="4" type="stmt"/>
      <line num="221" count="4" type="cond" truecount="1" falsecount="1"/>
      <line num="222" count="0" type="stmt"/>
      <line num="225" count="4" type="cond" truecount="1" falsecount="1"/>
      <line num="226" count="0" type="stmt"/>
      <line num="229" count="4" type="stmt"/>
      <line num="231" count="4" type="stmt"/>
      <line num="236" count="4" type="cond" truecount="2" falsecount="0"/>
      <line num="237" count="1" type="stmt"/>
      <line num="240" count="3" type="stmt"/>
      <line num="243" count="3" type="cond" truecount="4" falsecount="0"/>
      <line num="244" count="1" type="stmt"/>
      <line num="248" count="2" type="cond" truecount="1" falsecount="1"/>
      <line num="249" count="2" type="stmt"/>
      <line num="253" count="2" type="stmt"/>
      <line num="256" count="2" type="stmt"/>
      <line num="269" count="2" type="stmt"/>
      <line num="274" count="2" type="stmt"/>
      <line num="277" count="0" type="stmt"/>
      <line num="278" count="0" type="stmt"/>
      <line num="286" count="3" type="stmt"/>
      <line num="287" count="3" type="stmt"/>
      <line num="289" count="3" type="cond" truecount="3" falsecount="1"/>
      <line num="290" count="0" type="stmt"/>
      <line num="293" count="3" type="stmt"/>
      <line num="295" count="3" type="stmt"/>
      <line num="300" count="3" type="cond" truecount="1" falsecount="1"/>
      <line num="301" count="0" type="stmt"/>
      <line num="304" count="3" type="stmt"/>
      <line num="307" count="3" type="cond" truecount="4" falsecount="0"/>
      <line num="308" count="1" type="stmt"/>
      <line num="312" count="2" type="stmt"/>
      <line num="322" count="2" type="stmt"/>
      <line num="325" count="0" type="stmt"/>
      <line num="326" count="0" type="stmt"/>
      <line num="334" count="2" type="cond" truecount="2" falsecount="0"/>
      <line num="335" count="1" type="stmt"/>
      <line num="338" count="1" type="stmt"/>
      <line num="339" count="1" type="cond" truecount="1" falsecount="1"/>
      <line num="340" count="1" type="stmt"/>
      <line num="342" count="1" type="cond" truecount="3" falsecount="1"/>
      <line num="343" count="0" type="stmt"/>
      <line num="346" count="1" type="stmt"/>
      <line num="348" count="1" type="stmt"/>
      <line num="358" count="1" type="stmt"/>
      <line num="361" count="0" type="stmt"/>
      <line num="362" count="0" type="stmt"/>
      <line num="370" count="9" type="stmt"/>
      <line num="385" count="10" type="stmt"/>
    </file>
  </project>
</coverage>
