{"/root/hold-that-thought/.worktrees/profile-page/lambdas/comments-api/index.js": {"path":"/root/hold-that-thought/.worktrees/profile-page/lambdas/comments-api/index.js","statementMap":{"0":{"start":{"line":1,"column":27},"end":{"line":1,"column":62}},"1":{"start":{"line":2,"column":88},"end":{"line":2,"column":120}},"2":{"start":{"line":3,"column":21},"end":{"line":3,"column":45}},"3":{"start":{"line":4,"column":23},"end":{"line":4,"column":38}},"4":{"start":{"line":6,"column":15},"end":{"line":6,"column":37}},"5":{"start":{"line":7,"column":18},"end":{"line":7,"column":53}},"6":{"start":{"line":9,"column":28},"end":{"line":9,"column":59}},"7":{"start":{"line":10,"column":23},"end":{"line":10,"column":49}},"8":{"start":{"line":21,"column":0},"end":{"line":70,"column":2}},"9":{"start":{"line":22,"column":2},"end":{"line":69,"column":3}},"10":{"start":{"line":23,"column":4},"end":{"line":23,"column":58}},"11":{"start":{"line":26,"column":19},"end":{"line":26,"column":64}},"12":{"start":{"line":27,"column":22},"end":{"line":27,"column":69}},"13":{"start":{"line":28,"column":23},"end":{"line":28,"column":89}},"14":{"start":{"line":29,"column":20},"end":{"line":29,"column":49}},"15":{"start":{"line":31,"column":4},"end":{"line":33,"column":5}},"16":{"start":{"line":32,"column":6},"end":{"line":32,"column":70}},"17":{"start":{"line":36,"column":19},"end":{"line":36,"column":35}},"18":{"start":{"line":37,"column":21},"end":{"line":37,"column":35}},"19":{"start":{"line":40,"column":4},"end":{"line":42,"column":5}},"20":{"start":{"line":41,"column":6},"end":{"line":41,"column":39}},"21":{"start":{"line":45,"column":4},"end":{"line":47,"column":5}},"22":{"start":{"line":46,"column":6},"end":{"line":46,"column":59}},"23":{"start":{"line":50,"column":4},"end":{"line":52,"column":5}},"24":{"start":{"line":51,"column":6},"end":{"line":51,"column":55}},"25":{"start":{"line":55,"column":4},"end":{"line":57,"column":5}},"26":{"start":{"line":56,"column":6},"end":{"line":56,"column":57}},"27":{"start":{"line":60,"column":4},"end":{"line":62,"column":5}},"28":{"start":{"line":61,"column":6},"end":{"line":61,"column":54}},"29":{"start":{"line":64,"column":4},"end":{"line":64,"column":49}},"30":{"start":{"line":67,"column":4},"end":{"line":67,"column":35}},"31":{"start":{"line":68,"column":4},"end":{"line":68,"column":55}},"32":{"start":{"line":76,"column":17},"end":{"line":76,"column":45}},"33":{"start":{"line":77,"column":16},"end":{"line":77,"column":68}},"34":{"start":{"line":78,"column":27},"end":{"line":78,"column":72}},"35":{"start":{"line":80,"column":2},"end":{"line":82,"column":3}},"36":{"start":{"line":81,"column":4},"end":{"line":81,"column":58}},"37":{"start":{"line":84,"column":2},"end":{"line":116,"column":3}},"38":{"start":{"line":85,"column":24},"end":{"line":93,"column":5}},"39":{"start":{"line":95,"column":4},"end":{"line":97,"column":5}},"40":{"start":{"line":96,"column":6},"end":{"line":96,"column":101}},"41":{"start":{"line":99,"column":19},"end":{"line":99,"column":70}},"42":{"start":{"line":102,"column":21},"end":{"line":102,"column":73}},"43":{"start":{"line":102,"column":57},"end":{"line":102,"column":72}},"44":{"start":{"line":104,"column":21},"end":{"line":109,"column":5}},"45":{"start":{"line":111,"column":4},"end":{"line":111,"column":37}},"46":{"start":{"line":114,"column":4},"end":{"line":114,"column":64}},"47":{"start":{"line":115,"column":4},"end":{"line":115,"column":16}},"48":{"start":{"line":123,"column":17},"end":{"line":123,"column":45}},"49":{"start":{"line":124,"column":15},"end":{"line":124,"column":45}},"50":{"start":{"line":125,"column":22},"end":{"line":125,"column":38}},"51":{"start":{"line":126,"column":19},"end":{"line":126,"column":44}},"52":{"start":{"line":127,"column":20},"end":{"line":127,"column":40}},"53":{"start":{"line":130,"column":2},"end":{"line":132,"column":3}},"54":{"start":{"line":131,"column":4},"end":{"line":131,"column":58}},"55":{"start":{"line":134,"column":2},"end":{"line":136,"column":3}},"56":{"start":{"line":135,"column":4},"end":{"line":135,"column":64}},"57":{"start":{"line":139,"column":24},"end":{"line":142,"column":11}},"58":{"start":{"line":144,"column":2},"end":{"line":146,"column":3}},"59":{"start":{"line":145,"column":4},"end":{"line":145,"column":81}},"60":{"start":{"line":148,"column":2},"end":{"line":150,"column":3}},"61":{"start":{"line":149,"column":4},"end":{"line":149,"column":78}},"62":{"start":{"line":152,"column":2},"end":{"line":194,"column":3}},"63":{"start":{"line":154,"column":26},"end":{"line":157,"column":7}},"64":{"start":{"line":159,"column":20},"end":{"line":159,"column":44}},"65":{"start":{"line":160,"column":21},"end":{"line":160,"column":68}},"66":{"start":{"line":161,"column":25},"end":{"line":161,"column":54}},"67":{"start":{"line":164,"column":22},"end":{"line":164,"column":46}},"68":{"start":{"line":165,"column":22},"end":{"line":165,"column":48}},"69":{"start":{"line":167,"column":20},"end":{"line":182,"column":5}},"70":{"start":{"line":184,"column":4},"end":{"line":187,"column":8}},"71":{"start":{"line":189,"column":4},"end":{"line":189,"column":41}},"72":{"start":{"line":192,"column":4},"end":{"line":192,"column":72}},"73":{"start":{"line":193,"column":4},"end":{"line":193,"column":16}},"74":{"start":{"line":201,"column":17},"end":{"line":201,"column":45}},"75":{"start":{"line":202,"column":20},"end":{"line":202,"column":51}},"76":{"start":{"line":203,"column":15},"end":{"line":203,"column":45}},"77":{"start":{"line":204,"column":25},"end":{"line":204,"column":41}},"78":{"start":{"line":207,"column":2},"end":{"line":209,"column":3}},"79":{"start":{"line":208,"column":4},"end":{"line":208,"column":71}},"80":{"start":{"line":211,"column":2},"end":{"line":213,"column":3}},"81":{"start":{"line":212,"column":4},"end":{"line":212,"column":64}},"82":{"start":{"line":216,"column":24},"end":{"line":219,"column":11}},"83":{"start":{"line":221,"column":2},"end":{"line":223,"column":3}},"84":{"start":{"line":222,"column":4},"end":{"line":222,"column":81}},"85":{"start":{"line":225,"column":2},"end":{"line":227,"column":3}},"86":{"start":{"line":226,"column":4},"end":{"line":226,"column":78}},"87":{"start":{"line":229,"column":2},"end":{"line":279,"column":3}},"88":{"start":{"line":231,"column":19},"end":{"line":234,"column":7}},"89":{"start":{"line":236,"column":4},"end":{"line":238,"column":5}},"90":{"start":{"line":237,"column":6},"end":{"line":237,"column":53}},"91":{"start":{"line":240,"column":28},"end":{"line":240,"column":39}},"92":{"start":{"line":243,"column":4},"end":{"line":245,"column":5}},"93":{"start":{"line":244,"column":6},"end":{"line":244,"column":71}},"94":{"start":{"line":248,"column":24},"end":{"line":248,"column":57}},"95":{"start":{"line":249,"column":4},"end":{"line":252,"column":7}},"96":{"start":{"line":253,"column":27},"end":{"line":253,"column":50}},"97":{"start":{"line":256,"column":4},"end":{"line":266,"column":8}},"98":{"start":{"line":269,"column":26},"end":{"line":272,"column":7}},"99":{"start":{"line":274,"column":4},"end":{"line":274,"column":47}},"100":{"start":{"line":277,"column":4},"end":{"line":277,"column":82}},"101":{"start":{"line":278,"column":4},"end":{"line":278,"column":16}},"102":{"start":{"line":286,"column":17},"end":{"line":286,"column":45}},"103":{"start":{"line":287,"column":20},"end":{"line":287,"column":51}},"104":{"start":{"line":289,"column":2},"end":{"line":291,"column":3}},"105":{"start":{"line":290,"column":4},"end":{"line":290,"column":71}},"106":{"start":{"line":293,"column":2},"end":{"line":327,"column":3}},"107":{"start":{"line":295,"column":19},"end":{"line":298,"column":7}},"108":{"start":{"line":300,"column":4},"end":{"line":302,"column":5}},"109":{"start":{"line":301,"column":6},"end":{"line":301,"column":53}},"110":{"start":{"line":304,"column":28},"end":{"line":304,"column":39}},"111":{"start":{"line":307,"column":4},"end":{"line":309,"column":5}},"112":{"start":{"line":308,"column":6},"end":{"line":308,"column":73}},"113":{"start":{"line":312,"column":4},"end":{"line":320,"column":8}},"114":{"start":{"line":322,"column":4},"end":{"line":322,"column":72}},"115":{"start":{"line":325,"column":4},"end":{"line":325,"column":83}},"116":{"start":{"line":326,"column":4},"end":{"line":326,"column":16}},"117":{"start":{"line":334,"column":2},"end":{"line":336,"column":3}},"118":{"start":{"line":335,"column":4},"end":{"line":335,"column":55}},"119":{"start":{"line":338,"column":20},"end":{"line":338,"column":51}},"120":{"start":{"line":339,"column":15},"end":{"line":339,"column":45}},"121":{"start":{"line":340,"column":17},"end":{"line":340,"column":28}},"122":{"start":{"line":342,"column":2},"end":{"line":344,"column":3}},"123":{"start":{"line":343,"column":4},"end":{"line":343,"column":61}},"124":{"start":{"line":346,"column":2},"end":{"line":363,"column":3}},"125":{"start":{"line":348,"column":4},"end":{"line":356,"column":8}},"126":{"start":{"line":358,"column":4},"end":{"line":358,"column":68}},"127":{"start":{"line":361,"column":4},"end":{"line":361,"column":81}},"128":{"start":{"line":362,"column":4},"end":{"line":362,"column":16}},"129":{"start":{"line":370,"column":2},"end":{"line":378,"column":4}},"130":{"start":{"line":385,"column":2},"end":{"line":393,"column":4}}},"fnMap":{"0":{"name":"(anonymous_0)","decl":{"start":{"line":21,"column":18},"end":{"line":21,"column":19}},"loc":{"start":{"line":21,"column":35},"end":{"line":70,"column":1}},"line":21},"1":{"name":"listComments","decl":{"start":{"line":75,"column":15},"end":{"line":75,"column":27}},"loc":{"start":{"line":75,"column":35},"end":{"line":117,"column":1}},"line":75},"2":{"name":"(anonymous_2)","decl":{"start":{"line":102,"column":49},"end":{"line":102,"column":50}},"loc":{"start":{"line":102,"column":57},"end":{"line":102,"column":72}},"line":102},"3":{"name":"createComment","decl":{"start":{"line":122,"column":15},"end":{"line":122,"column":28}},"loc":{"start":{"line":122,"column":55},"end":{"line":195,"column":1}},"line":122},"4":{"name":"editComment","decl":{"start":{"line":200,"column":15},"end":{"line":200,"column":26}},"loc":{"start":{"line":200,"column":51},"end":{"line":280,"column":1}},"line":200},"5":{"name":"deleteComment","decl":{"start":{"line":285,"column":15},"end":{"line":285,"column":28}},"loc":{"start":{"line":285,"column":53},"end":{"line":328,"column":1}},"line":285},"6":{"name":"adminDeleteComment","decl":{"start":{"line":333,"column":15},"end":{"line":333,"column":33}},"loc":{"start":{"line":333,"column":50},"end":{"line":364,"column":1}},"line":333},"7":{"name":"successResponse","decl":{"start":{"line":369,"column":9},"end":{"line":369,"column":24}},"loc":{"start":{"line":369,"column":49},"end":{"line":379,"column":1}},"line":369},"8":{"name":"errorResponse","decl":{"start":{"line":384,"column":9},"end":{"line":384,"column":22}},"loc":{"start":{"line":384,"column":44},"end":{"line":394,"column":1}},"line":384}},"branchMap":{"0":{"loc":{"start":{"line":28,"column":23},"end":{"line":28,"column":89}},"type":"binary-expr","locations":[{"start":{"line":28,"column":23},"end":{"line":28,"column":83}},{"start":{"line":28,"column":87},"end":{"line":28,"column":89}}],"line":28},"1":{"loc":{"start":{"line":31,"column":4},"end":{"line":33,"column":5}},"type":"if","locations":[{"start":{"line":31,"column":4},"end":{"line":33,"column":5}},{"start":{},"end":{}}],"line":31},"2":{"loc":{"start":{"line":40,"column":4},"end":{"line":42,"column":5}},"type":"if","locations":[{"start":{"line":40,"column":4},"end":{"line":42,"column":5}},{"start":{},"end":{}}],"line":40},"3":{"loc":{"start":{"line":40,"column":8},"end":{"line":40,"column":61}},"type":"binary-expr","locations":[{"start":{"line":40,"column":8},"end":{"line":40,"column":24}},{"start":{"line":40,"column":28},"end":{"line":40,"column":61}}],"line":40},"4":{"loc":{"start":{"line":45,"column":4},"end":{"line":47,"column":5}},"type":"if","locations":[{"start":{"line":45,"column":4},"end":{"line":47,"column":5}},{"start":{},"end":{}}],"line":45},"5":{"loc":{"start":{"line":45,"column":8},"end":{"line":45,"column":62}},"type":"binary-expr","locations":[{"start":{"line":45,"column":8},"end":{"line":45,"column":25}},{"start":{"line":45,"column":29},"end":{"line":45,"column":62}}],"line":45},"6":{"loc":{"start":{"line":50,"column":4},"end":{"line":52,"column":5}},"type":"if","locations":[{"start":{"line":50,"column":4},"end":{"line":52,"column":5}},{"start":{},"end":{}}],"line":50},"7":{"loc":{"start":{"line":50,"column":8},"end":{"line":50,"column":73}},"type":"binary-expr","locations":[{"start":{"line":50,"column":8},"end":{"line":50,"column":24}},{"start":{"line":50,"column":28},"end":{"line":50,"column":73}}],"line":50},"8":{"loc":{"start":{"line":55,"column":4},"end":{"line":57,"column":5}},"type":"if","locations":[{"start":{"line":55,"column":4},"end":{"line":57,"column":5}},{"start":{},"end":{}}],"line":55},"9":{"loc":{"start":{"line":55,"column":8},"end":{"line":55,"column":76}},"type":"binary-expr","locations":[{"start":{"line":55,"column":8},"end":{"line":55,"column":27}},{"start":{"line":55,"column":31},"end":{"line":55,"column":76}}],"line":55},"10":{"loc":{"start":{"line":60,"column":4},"end":{"line":62,"column":5}},"type":"if","locations":[{"start":{"line":60,"column":4},"end":{"line":62,"column":5}},{"start":{},"end":{}}],"line":60},"11":{"loc":{"start":{"line":60,"column":8},"end":{"line":60,"column":73}},"type":"binary-expr","locations":[{"start":{"line":60,"column":8},"end":{"line":60,"column":27}},{"start":{"line":60,"column":31},"end":{"line":60,"column":73}}],"line":60},"12":{"loc":{"start":{"line":77,"column":25},"end":{"line":77,"column":67}},"type":"binary-expr","locations":[{"start":{"line":77,"column":25},"end":{"line":77,"column":59}},{"start":{"line":77,"column":63},"end":{"line":77,"column":67}}],"line":77},"13":{"loc":{"start":{"line":80,"column":2},"end":{"line":82,"column":3}},"type":"if","locations":[{"start":{"line":80,"column":2},"end":{"line":82,"column":3}},{"start":{},"end":{}}],"line":80},"14":{"loc":{"start":{"line":95,"column":4},"end":{"line":97,"column":5}},"type":"if","locations":[{"start":{"line":95,"column":4},"end":{"line":97,"column":5}},{"start":{},"end":{}}],"line":95},"15":{"loc":{"start":{"line":102,"column":22},"end":{"line":102,"column":40}},"type":"binary-expr","locations":[{"start":{"line":102,"column":22},"end":{"line":102,"column":34}},{"start":{"line":102,"column":38},"end":{"line":102,"column":40}}],"line":102},"16":{"loc":{"start":{"line":106,"column":24},"end":{"line":108,"column":14}},"type":"cond-expr","locations":[{"start":{"line":107,"column":10},"end":{"line":107,"column":81}},{"start":{"line":108,"column":10},"end":{"line":108,"column":14}}],"line":106},"17":{"loc":{"start":{"line":124,"column":26},"end":{"line":124,"column":44}},"type":"binary-expr","locations":[{"start":{"line":124,"column":26},"end":{"line":124,"column":36}},{"start":{"line":124,"column":40},"end":{"line":124,"column":44}}],"line":124},"18":{"loc":{"start":{"line":126,"column":19},"end":{"line":126,"column":44}},"type":"binary-expr","locations":[{"start":{"line":126,"column":19},"end":{"line":126,"column":32}},{"start":{"line":126,"column":36},"end":{"line":126,"column":44}}],"line":126},"19":{"loc":{"start":{"line":127,"column":20},"end":{"line":127,"column":40}},"type":"binary-expr","locations":[{"start":{"line":127,"column":20},"end":{"line":127,"column":34}},{"start":{"line":127,"column":38},"end":{"line":127,"column":40}}],"line":127},"20":{"loc":{"start":{"line":130,"column":2},"end":{"line":132,"column":3}},"type":"if","locations":[{"start":{"line":130,"column":2},"end":{"line":132,"column":3}},{"start":{},"end":{}}],"line":130},"21":{"loc":{"start":{"line":134,"column":2},"end":{"line":136,"column":3}},"type":"if","locations":[{"start":{"line":134,"column":2},"end":{"line":136,"column":3}},{"start":{},"end":{}}],"line":134},"22":{"loc":{"start":{"line":134,"column":6},"end":{"line":134,"column":53}},"type":"binary-expr","locations":[{"start":{"line":134,"column":6},"end":{"line":134,"column":18}},{"start":{"line":134,"column":22},"end":{"line":134,"column":53}}],"line":134},"23":{"loc":{"start":{"line":144,"column":2},"end":{"line":146,"column":3}},"type":"if","locations":[{"start":{"line":144,"column":2},"end":{"line":146,"column":3}},{"start":{},"end":{}}],"line":144},"24":{"loc":{"start":{"line":148,"column":2},"end":{"line":150,"column":3}},"type":"if","locations":[{"start":{"line":148,"column":2},"end":{"line":150,"column":3}},{"start":{},"end":{}}],"line":148},"25":{"loc":{"start":{"line":159,"column":20},"end":{"line":159,"column":44}},"type":"binary-expr","locations":[{"start":{"line":159,"column":20},"end":{"line":159,"column":38}},{"start":{"line":159,"column":42},"end":{"line":159,"column":44}}],"line":159},"26":{"loc":{"start":{"line":160,"column":21},"end":{"line":160,"column":68}},"type":"binary-expr","locations":[{"start":{"line":160,"column":21},"end":{"line":160,"column":40}},{"start":{"line":160,"column":44},"end":{"line":160,"column":53}},{"start":{"line":160,"column":57},"end":{"line":160,"column":68}}],"line":160},"27":{"loc":{"start":{"line":161,"column":25},"end":{"line":161,"column":54}},"type":"binary-expr","locations":[{"start":{"line":161,"column":25},"end":{"line":161,"column":48}},{"start":{"line":161,"column":52},"end":{"line":161,"column":54}}],"line":161},"28":{"loc":{"start":{"line":203,"column":26},"end":{"line":203,"column":44}},"type":"binary-expr","locations":[{"start":{"line":203,"column":26},"end":{"line":203,"column":36}},{"start":{"line":203,"column":40},"end":{"line":203,"column":44}}],"line":203},"29":{"loc":{"start":{"line":207,"column":2},"end":{"line":209,"column":3}},"type":"if","locations":[{"start":{"line":207,"column":2},"end":{"line":209,"column":3}},{"start":{},"end":{}}],"line":207},"30":{"loc":{"start":{"line":207,"column":6},"end":{"line":207,"column":27}},"type":"binary-expr","locations":[{"start":{"line":207,"column":6},"end":{"line":207,"column":13}},{"start":{"line":207,"column":17},"end":{"line":207,"column":27}}],"line":207},"31":{"loc":{"start":{"line":211,"column":2},"end":{"line":213,"column":3}},"type":"if","locations":[{"start":{"line":211,"column":2},"end":{"line":213,"column":3}},{"start":{},"end":{}}],"line":211},"32":{"loc":{"start":{"line":211,"column":6},"end":{"line":211,"column":59}},"type":"binary-expr","locations":[{"start":{"line":211,"column":6},"end":{"line":211,"column":21}},{"start":{"line":211,"column":25},"end":{"line":211,"column":59}}],"line":211},"33":{"loc":{"start":{"line":221,"column":2},"end":{"line":223,"column":3}},"type":"if","locations":[{"start":{"line":221,"column":2},"end":{"line":223,"column":3}},{"start":{},"end":{}}],"line":221},"34":{"loc":{"start":{"line":225,"column":2},"end":{"line":227,"column":3}},"type":"if","locations":[{"start":{"line":225,"column":2},"end":{"line":227,"column":3}},{"start":{},"end":{}}],"line":225},"35":{"loc":{"start":{"line":236,"column":4},"end":{"line":238,"column":5}},"type":"if","locations":[{"start":{"line":236,"column":4},"end":{"line":238,"column":5}},{"start":{},"end":{}}],"line":236},"36":{"loc":{"start":{"line":243,"column":4},"end":{"line":245,"column":5}},"type":"if","locations":[{"start":{"line":243,"column":4},"end":{"line":245,"column":5}},{"start":{},"end":{}}],"line":243},"37":{"loc":{"start":{"line":243,"column":8},"end":{"line":243,"column":53}},"type":"binary-expr","locations":[{"start":{"line":243,"column":8},"end":{"line":243,"column":41}},{"start":{"line":243,"column":45},"end":{"line":243,"column":53}}],"line":243},"38":{"loc":{"start":{"line":248,"column":24},"end":{"line":248,"column":57}},"type":"binary-expr","locations":[{"start":{"line":248,"column":24},"end":{"line":248,"column":51}},{"start":{"line":248,"column":55},"end":{"line":248,"column":57}}],"line":248},"39":{"loc":{"start":{"line":251,"column":17},"end":{"line":251,"column":71}},"type":"binary-expr","locations":[{"start":{"line":251,"column":17},"end":{"line":251,"column":42}},{"start":{"line":251,"column":46},"end":{"line":251,"column":71}}],"line":251},"40":{"loc":{"start":{"line":289,"column":2},"end":{"line":291,"column":3}},"type":"if","locations":[{"start":{"line":289,"column":2},"end":{"line":291,"column":3}},{"start":{},"end":{}}],"line":289},"41":{"loc":{"start":{"line":289,"column":6},"end":{"line":289,"column":27}},"type":"binary-expr","locations":[{"start":{"line":289,"column":6},"end":{"line":289,"column":13}},{"start":{"line":289,"column":17},"end":{"line":289,"column":27}}],"line":289},"42":{"loc":{"start":{"line":300,"column":4},"end":{"line":302,"column":5}},"type":"if","locations":[{"start":{"line":300,"column":4},"end":{"line":302,"column":5}},{"start":{},"end":{}}],"line":300},"43":{"loc":{"start":{"line":307,"column":4},"end":{"line":309,"column":5}},"type":"if","locations":[{"start":{"line":307,"column":4},"end":{"line":309,"column":5}},{"start":{},"end":{}}],"line":307},"44":{"loc":{"start":{"line":307,"column":8},"end":{"line":307,"column":53}},"type":"binary-expr","locations":[{"start":{"line":307,"column":8},"end":{"line":307,"column":41}},{"start":{"line":307,"column":45},"end":{"line":307,"column":53}}],"line":307},"45":{"loc":{"start":{"line":334,"column":2},"end":{"line":336,"column":3}},"type":"if","locations":[{"start":{"line":334,"column":2},"end":{"line":336,"column":3}},{"start":{},"end":{}}],"line":334},"46":{"loc":{"start":{"line":339,"column":26},"end":{"line":339,"column":44}},"type":"binary-expr","locations":[{"start":{"line":339,"column":26},"end":{"line":339,"column":36}},{"start":{"line":339,"column":40},"end":{"line":339,"column":44}}],"line":339},"47":{"loc":{"start":{"line":342,"column":2},"end":{"line":344,"column":3}},"type":"if","locations":[{"start":{"line":342,"column":2},"end":{"line":344,"column":3}},{"start":{},"end":{}}],"line":342},"48":{"loc":{"start":{"line":342,"column":6},"end":{"line":342,"column":27}},"type":"binary-expr","locations":[{"start":{"line":342,"column":6},"end":{"line":342,"column":16}},{"start":{"line":342,"column":20},"end":{"line":342,"column":27}}],"line":342},"49":{"loc":{"start":{"line":369,"column":31},"end":{"line":369,"column":47}},"type":"default-arg","locations":[{"start":{"line":369,"column":44},"end":{"line":369,"column":47}}],"line":369}},"s":{"0":1,"1":1,"2":1,"3":1,"4":1,"5":1,"6":1,"7":1,"8":1,"9":19,"10":19,"11":19,"12":19,"13":19,"14":19,"15":19,"16":1,"17":18,"18":18,"19":18,"20":3,"21":15,"22":5,"23":10,"24":4,"25":6,"26":3,"27":3,"28":2,"29":1,"30":0,"31":0,"32":3,"33":3,"34":3,"35":3,"36":1,"37":2,"38":2,"39":2,"40":0,"41":2,"42":2,"43":4,"44":2,"45":2,"46":0,"47":0,"48":5,"49":5,"50":5,"51":5,"52":5,"53":5,"54":0,"55":5,"56":1,"57":4,"58":4,"59":1,"60":3,"61":1,"62":2,"63":2,"64":2,"65":2,"66":2,"67":2,"68":2,"69":2,"70":2,"71":2,"72":0,"73":0,"74":4,"75":4,"76":4,"77":4,"78":4,"79":0,"80":4,"81":0,"82":4,"83":4,"84":0,"85":4,"86":0,"87":4,"88":4,"89":4,"90":1,"91":3,"92":3,"93":1,"94":2,"95":2,"96":2,"97":2,"98":2,"99":2,"100":0,"101":0,"102":3,"103":3,"104":3,"105":0,"106":3,"107":3,"108":3,"109":0,"110":3,"111":3,"112":1,"113":2,"114":2,"115":0,"116":0,"117":2,"118":1,"119":1,"120":1,"121":1,"122":1,"123":0,"124":1,"125":1,"126":1,"127":0,"128":0,"129":9,"130":10},"f":{"0":19,"1":3,"2":4,"3":5,"4":4,"5":3,"6":2,"7":9,"8":10},"b":{"0":[19,16],"1":[1,18],"2":[3,15],"3":[18,3],"4":[5,10],"5":[15,5],"6":[4,6],"7":[10,4],"8":[3,3],"9":[6,5],"10":[2,1],"11":[3,2],"12":[3,2],"13":[1,2],"14":[0,2],"15":[2,0],"16":[0,2],"17":[5,0],"18":[5,4],"19":[5,4],"20":[0,5],"21":[1,4],"22":[5,4],"23":[1,3],"24":[1,2],"25":[2,0],"26":[2,0,0],"27":[2,1],"28":[4,0],"29":[0,4],"30":[4,4],"31":[0,4],"32":[4,4],"33":[0,4],"34":[0,4],"35":[1,3],"36":[1,2],"37":[3,2],"38":[2,0],"39":[2,2],"40":[0,3],"41":[3,3],"42":[0,3],"43":[1,2],"44":[3,2],"45":[1,1],"46":[1,0],"47":[0,1],"48":[1,1],"49":[7]},"_coverageSchema":"1a1c01bbd47fc00a2c39e90264f33305004495a9","hash":"ef57362a0b2c85f871fcd1e585cc1fead2880067"}
}
