TN:
SF:index.js
FN:21,(anonymous_0)
FN:75,listComments
FN:102,(anonymous_2)
FN:122,createComment
FN:200,editComment
FN:285,deleteComment
FN:333,adminDeleteComment
FN:369,successResponse
FN:384,errorResponse
FNF:9
FNH:9
FNDA:19,(anonymous_0)
FNDA:3,listComments
FNDA:4,(anonymous_2)
FNDA:5,createComment
FNDA:4,editComment
FNDA:3,deleteComment
FNDA:2,adminDeleteComment
FNDA:9,successResponse
FNDA:10,errorResponse
DA:1,1
DA:2,1
DA:3,1
DA:4,1
DA:6,1
DA:7,1
DA:9,1
DA:10,1
DA:21,1
DA:22,19
DA:23,19
DA:26,19
DA:27,19
DA:28,19
DA:29,19
DA:31,19
DA:32,1
DA:36,18
DA:37,18
DA:40,18
DA:41,3
DA:45,15
DA:46,5
DA:50,10
DA:51,4
DA:55,6
DA:56,3
DA:60,3
DA:61,2
DA:64,1
DA:67,0
DA:68,0
DA:76,3
DA:77,3
DA:78,3
DA:80,3
DA:81,1
DA:84,2
DA:85,2
DA:95,2
DA:96,0
DA:99,2
DA:102,4
DA:104,2
DA:111,2
DA:114,0
DA:115,0
DA:123,5
DA:124,5
DA:125,5
DA:126,5
DA:127,5
DA:130,5
DA:131,0
DA:134,5
DA:135,1
DA:139,4
DA:144,4
DA:145,1
DA:148,3
DA:149,1
DA:152,2
DA:154,2
DA:159,2
DA:160,2
DA:161,2
DA:164,2
DA:165,2
DA:167,2
DA:184,2
DA:189,2
DA:192,0
DA:193,0
DA:201,4
DA:202,4
DA:203,4
DA:204,4
DA:207,4
DA:208,0
DA:211,4
DA:212,0
DA:216,4
DA:221,4
DA:222,0
DA:225,4
DA:226,0
DA:229,4
DA:231,4
DA:236,4
DA:237,1
DA:240,3
DA:243,3
DA:244,1
DA:248,2
DA:249,2
DA:253,2
DA:256,2
DA:269,2
DA:274,2
DA:277,0
DA:278,0
DA:286,3
DA:287,3
DA:289,3
DA:290,0
DA:293,3
DA:295,3
DA:300,3
DA:301,0
DA:304,3
DA:307,3
DA:308,1
DA:312,2
DA:322,2
DA:325,0
DA:326,0
DA:334,2
DA:335,1
DA:338,1
DA:339,1
DA:340,1
DA:342,1
DA:343,0
DA:346,1
DA:348,1
DA:358,1
DA:361,0
DA:362,0
DA:370,9
DA:385,10
LF:130
LH:109
BRDA:28,0,0,19
BRDA:28,0,1,16
BRDA:31,1,0,1
BRDA:31,1,1,18
BRDA:40,2,0,3
BRDA:40,2,1,15
BRDA:40,3,0,18
BRDA:40,3,1,3
BRDA:45,4,0,5
BRDA:45,4,1,10
BRDA:45,5,0,15
BRDA:45,5,1,5
BRDA:50,6,0,4
BRDA:50,6,1,6
BRDA:50,7,0,10
BRDA:50,7,1,4
BRDA:55,8,0,3
BRDA:55,8,1,3
BRDA:55,9,0,6
BRDA:55,9,1,5
BRDA:60,10,0,2
BRDA:60,10,1,1
BRDA:60,11,0,3
BRDA:60,11,1,2
BRDA:77,12,0,3
BRDA:77,12,1,2
BRDA:80,13,0,1
BRDA:80,13,1,2
BRDA:95,14,0,0
BRDA:95,14,1,2
BRDA:102,15,0,2
BRDA:102,15,1,0
BRDA:106,16,0,0
BRDA:106,16,1,2
BRDA:124,17,0,5
BRDA:124,17,1,0
BRDA:126,18,0,5
BRDA:126,18,1,4
BRDA:127,19,0,5
BRDA:127,19,1,4
BRDA:130,20,0,0
BRDA:130,20,1,5
BRDA:134,21,0,1
BRDA:134,21,1,4
BRDA:134,22,0,5
BRDA:134,22,1,4
BRDA:144,23,0,1
BRDA:144,23,1,3
BRDA:148,24,0,1
BRDA:148,24,1,2
BRDA:159,25,0,2
BRDA:159,25,1,0
BRDA:160,26,0,2
BRDA:160,26,1,0
BRDA:160,26,2,0
BRDA:161,27,0,2
BRDA:161,27,1,1
BRDA:203,28,0,4
BRDA:203,28,1,0
BRDA:207,29,0,0
BRDA:207,29,1,4
BRDA:207,30,0,4
BRDA:207,30,1,4
BRDA:211,31,0,0
BRDA:211,31,1,4
BRDA:211,32,0,4
BRDA:211,32,1,4
BRDA:221,33,0,0
BRDA:221,33,1,4
BRDA:225,34,0,0
BRDA:225,34,1,4
BRDA:236,35,0,1
BRDA:236,35,1,3
BRDA:243,36,0,1
BRDA:243,36,1,2
BRDA:243,37,0,3
BRDA:243,37,1,2
BRDA:248,38,0,2
BRDA:248,38,1,0
BRDA:251,39,0,2
BRDA:251,39,1,2
BRDA:289,40,0,0
BRDA:289,40,1,3
BRDA:289,41,0,3
BRDA:289,41,1,3
BRDA:300,42,0,0
BRDA:300,42,1,3
BRDA:307,43,0,1
BRDA:307,43,1,2
BRDA:307,44,0,3
BRDA:307,44,1,2
BRDA:334,45,0,1
BRDA:334,45,1,1
BRDA:339,46,0,1
BRDA:339,46,1,0
BRDA:342,47,0,0
BRDA:342,47,1,1
BRDA:342,48,0,1
BRDA:342,48,1,1
BRDA:369,49,0,7
BRF:100
BRH:82
end_of_record
